<testsuites id="" name="" tests="158" failures="10" skipped="17" errors="49" time="950.131323">
<testsuite name="api-resilience.spec.ts" timestamp="2026-08-16T07:03:18.713Z" hostname="chromium" tests="9" failures="0" skipped="0" time="22.981" errors="2">
<testcase name="API Resilience › should handle 422 validation errors from API" classname="api-resilience.spec.ts" time="2.743">
</testcase>
<testcase name="API Resilience › should handle 401 authentication errors" classname="api-resilience.spec.ts" time="0.012">
</testcase>
<testcase name="API Resilience › should handle 403 forbidden errors" classname="api-resilience.spec.ts" time="4.421">
<system-out>
<![CDATA[
[[ATTACHMENT|..\..\test-results\api-resilience-API-Resilie-2de24-handle-403-forbidden-errors-chromium\error-context.md]]
]]>
</system-out>
<error message="Failed to create project: {&quot;success&quot;:false,&quot;error&quot;:{&quot;code&quot;:&quot;VALIDATION_FAILED&quot;,&quot;message&quot;:&quot;The request contains invalid input parameters.&quot;,&quot;details&quot;:{&quot;&quot;:&quot;Unrecognized key(s) in object: &apos;status&apos;&quot;},&quot;requestId&quot;:&quot;9c80f265-2e17-4775-9e77-475b030f1c8c&quot;}}" type="Error">
<![CDATA[  [chromium] › api-resilience.spec.ts:53:3 › API Resilience › should handle 403 forbidden errors ───

    Error: Failed to create project: {"success":false,"error":{"code":"VALIDATION_FAILED","message":"The request contains invalid input parameters.","details":{"":"Unrecognized key(s) in object: 'status'"},"requestId":"9c80f265-2e17-4775-9e77-475b030f1c8c"}}

       at ..\fixtures\database.ts:117

      115 |   if (!response.ok) {
      116 |     const error = await response.json();
    > 117 |     throw new Error(`Failed to create project: ${JSON.stringify(error)}`);
          |           ^
      118 |   }
      119 |
      120 |   // Add delay after write to avoid rate limiting
        at createProject (C:\Users\USER\Documents\Codex\2026-07-07\task-management-system-docs-api-design\Task-Management-System\frontend\e2e\fixtures\database.ts:117:11)
        at C:\Users\USER\Documents\Codex\2026-07-07\task-management-system-docs-api-design\Task-Management-System\frontend\e2e\tests\api-resilience.spec.ts:62:21

    Error Context: ..\..\test-results\api-resilience-API-Resilie-2de24-handle-403-forbidden-errors-chromium\error-context.md
]]>
</error>
</testcase>
<testcase name="API Resilience › should handle 404 not found errors" classname="api-resilience.spec.ts" time="2.102">
</testcase>
<testcase name="API Resilience › should handle successful responses correctly" classname="api-resilience.spec.ts" time="2.097">
<system-out>
<![CDATA[
[[ATTACHMENT|..\..\test-results\api-resilience-API-Resilie-d4a93-cessful-responses-correctly-chromium\error-context.md]]
]]>
</system-out>
<error message="Failed to create project: {&quot;success&quot;:false,&quot;error&quot;:{&quot;code&quot;:&quot;VALIDATION_FAILED&quot;,&quot;message&quot;:&quot;The request contains invalid input parameters.&quot;,&quot;details&quot;:{&quot;&quot;:&quot;Unrecognized key(s) in object: &apos;status&apos;&quot;},&quot;requestId&quot;:&quot;f63b3669-9c56-453b-98f4-55b0ab41c4d2&quot;}}" type="Error">
<![CDATA[  [chromium] › api-resilience.spec.ts:112:3 › API Resilience › should handle successful responses correctly 

    Error: Failed to create project: {"success":false,"error":{"code":"VALIDATION_FAILED","message":"The request contains invalid input parameters.","details":{"":"Unrecognized key(s) in object: 'status'"},"requestId":"f63b3669-9c56-453b-98f4-55b0ab41c4d2"}}

       at ..\fixtures\database.ts:117

      115 |   if (!response.ok) {
      116 |     const error = await response.json();
    > 117 |     throw new Error(`Failed to create project: ${JSON.stringify(error)}`);
          |           ^
      118 |   }
      119 |
      120 |   // Add delay after write to avoid rate limiting
        at createProject (C:\Users\USER\Documents\Codex\2026-07-07\task-management-system-docs-api-design\Task-Management-System\frontend\e2e\fixtures\database.ts:117:11)
        at C:\Users\USER\Documents\Codex\2026-07-07\task-management-system-docs-api-design\Task-Management-System\frontend\e2e\tests\api-resilience.spec.ts:118:21

    Error Context: ..\..\test-results\api-resilience-API-Resilie-d4a93-cessful-responses-correctly-chromium\error-context.md
]]>
</error>
</testcase>
<testcase name="API Resilience › should show dashboard when authenticated" classname="api-resilience.spec.ts" time="5.743">
</testcase>
<testcase name="API Resilience › should handle repeated API calls" classname="api-resilience.spec.ts" time="2.094">
</testcase>
<testcase name="API Resilience › should handle concurrent requests" classname="api-resilience.spec.ts" time="1.875">
</testcase>
<testcase name="API Resilience › should handle rate limiting gracefully" classname="api-resilience.spec.ts" time="1.894">
</testcase>
</testsuite>
<testsuite name="auth-edge-cases.spec.ts" timestamp="2026-08-16T07:03:18.713Z" hostname="chromium" tests="8" failures="0" skipped="0" time="21.638" errors="2">
<testcase name="Authentication Edge Cases › should reject login with empty email field" classname="auth-edge-cases.spec.ts" time="3.379">
</testcase>
<testcase name="Authentication Edge Cases › should reject login with empty password field" classname="auth-edge-cases.spec.ts" time="2.306">
<system-out>
<![CDATA[
[[ATTACHMENT|..\..\test-results\auth-edge-cases-Authentica-4c7a1-n-with-empty-password-field-chromium\test-failed-1.png]]

[[ATTACHMENT|..\..\test-results\auth-edge-cases-Authentica-4c7a1-n-with-empty-password-field-chromium\video.webm]]

[[ATTACHMENT|..\..\test-results\auth-edge-cases-Authentica-4c7a1-n-with-empty-password-field-chromium\error-context.md]]

[[ATTACHMENT|..\..\test-results\auth-edge-cases-Authentica-4c7a1-n-with-empty-password-field-chromium\error-context.md]]
]]>
</system-out>
<error message="page.fill: value: expected string, got undefined" type="Error">
<![CDATA[  [chromium] › auth-edge-cases.spec.ts:56:3 › Authentication Edge Cases › should reject login with empty password field 

    Error: page.fill: value: expected string, got undefined

      60 |
      61 |     // Fill email but leave password empty
    > 62 |     await page.fill("#email", registered.email);
         |                ^
      63 |
      64 |     // Try to submit
      65 |     await page.click('button[type="submit"]');
        at C:\Users\USER\Documents\Codex\2026-07-07\task-management-system-docs-api-design\Task-Management-System\frontend\e2e\tests\auth-edge-cases.spec.ts:62:16

    attachment #1: screenshot (image/png) ──────────────────────────────────────────────────────────
    ..\..\test-results\auth-edge-cases-Authentica-4c7a1-n-with-empty-password-field-chromium\test-failed-1.png
    ────────────────────────────────────────────────────────────────────────────────────────────────

    attachment #2: video (video/webm) ──────────────────────────────────────────────────────────────
    ..\..\test-results\auth-edge-cases-Authentica-4c7a1-n-with-empty-password-field-chromium\video.webm
    ────────────────────────────────────────────────────────────────────────────────────────────────

    Error Context: ..\..\test-results\auth-edge-cases-Authentica-4c7a1-n-with-empty-password-field-chromium\error-context.md

    Error Context: ..\..\test-results\auth-edge-cases-Authentica-4c7a1-n-with-empty-password-field-chromium\error-context.md
]]>
</error>
</testcase>
<testcase name="Authentication Edge Cases › should reject login with both fields empty" classname="auth-edge-cases.spec.ts" time="3.486">
</testcase>
<testcase name="Authentication Edge Cases › should handle rapid consecutive login attempts gracefully" classname="auth-edge-cases.spec.ts" time="0.699">
<system-out>
<![CDATA[
[[ATTACHMENT|..\..\test-results\auth-edge-cases-Authentica-9dd1b-e-login-attempts-gracefully-chromium\test-failed-1.png]]

[[ATTACHMENT|..\..\test-results\auth-edge-cases-Authentica-9dd1b-e-login-attempts-gracefully-chromium\video.webm]]

[[ATTACHMENT|..\..\test-results\auth-edge-cases-Authentica-9dd1b-e-login-attempts-gracefully-chromium\error-context.md]]

[[ATTACHMENT|..\..\test-results\auth-edge-cases-Authentica-9dd1b-e-login-attempts-gracefully-chromium\error-context.md]]
]]>
</system-out>
<error message="page.evaluate: SecurityError: Failed to read the &apos;localStorage&apos; property from &apos;Window&apos;: Access is denied for this document." type="Error">
<![CDATA[  [chromium] › auth-edge-cases.spec.ts:93:3 › Authentication Edge Cases › should handle rapid consecutive login attempts gracefully 

    Error: page.evaluate: SecurityError: Failed to read the 'localStorage' property from 'Window': Access is denied for this document.
        at UtilityScript.evaluate (<anonymous>:313:16)
        at UtilityScript.<anonymous> (<anonymous>:1:44)
        at UtilityScript.evaluate (<anonymous>:313:16)
        at UtilityScript.<anonymous> (<anonymous>:1:44)
        at C:\Users\USER\Documents\Codex\2026-07-07\task-management-system-docs-api-design\Task-Management-System\frontend\e2e\tests\auth-edge-cases.spec.ts:99:16

    attachment #1: screenshot (image/png) ──────────────────────────────────────────────────────────
    ..\..\test-results\auth-edge-cases-Authentica-9dd1b-e-login-attempts-gracefully-chromium\test-failed-1.png
    ────────────────────────────────────────────────────────────────────────────────────────────────

    attachment #2: video (video/webm) ──────────────────────────────────────────────────────────────
    ..\..\test-results\auth-edge-cases-Authentica-9dd1b-e-login-attempts-gracefully-chromium\video.webm
    ────────────────────────────────────────────────────────────────────────────────────────────────

    Error Context: ..\..\test-results\auth-edge-cases-Authentica-9dd1b-e-login-attempts-gracefully-chromium\error-context.md

    Error Context: ..\..\test-results\auth-edge-cases-Authentica-9dd1b-e-login-attempts-gracefully-chromium\error-context.md
]]>
</error>
</testcase>
<testcase name="Authentication Edge Cases › should clear auth token on explicit logout" classname="auth-edge-cases.spec.ts" time="4.087">
</testcase>
<testcase name="Authentication Edge Cases › should preserve auth state through navigation" classname="auth-edge-cases.spec.ts" time="4.907">
</testcase>
<testcase name="Authentication Edge Cases › should handle protected route access without token" classname="auth-edge-cases.spec.ts" time="2.762">
</testcase>
<testcase name="Authentication Edge Cases › should prevent re-registration with same email" classname="auth-edge-cases.spec.ts" time="0.012">
</testcase>
</testsuite>
<testsuite name="auth.spec.ts" timestamp="2026-08-16T07:03:18.713Z" hostname="chromium" tests="6" failures="0" skipped="0" time="30.799" errors="0">
<testcase name="Authentication › should allow user login via UI" classname="auth.spec.ts" time="5.533">
</testcase>
<testcase name="Authentication › should reject login with invalid credentials" classname="auth.spec.ts" time="7.749">
</testcase>
<testcase name="Authentication › should allow user logout" classname="auth.spec.ts" time="6.832">
</testcase>
<testcase name="Authentication › should persist auth token across page reloads" classname="auth.spec.ts" time="6.06">
</testcase>
<testcase name="Authentication › should register new user via API" classname="auth.spec.ts" time="2.051">
</testcase>
<testcase name="Authentication › should handle login page redirect when not authenticated" classname="auth.spec.ts" time="2.574">
</testcase>
</testsuite>
<testsuite name="authorization.spec.ts" timestamp="2026-08-16T07:03:18.713Z" hostname="chromium" tests="6" failures="0" skipped="0" time="9.852" errors="2">
<testcase name="Authorization › should require authentication for protected endpoints" classname="authorization.spec.ts" time="0.012">
</testcase>
<testcase name="Authorization › should reject requests with invalid token" classname="authorization.spec.ts" time="0.021">
</testcase>
<testcase name="Authorization › should allow users to access their own projects" classname="authorization.spec.ts" time="1.944">
<system-out>
<![CDATA[
[[ATTACHMENT|..\..\test-results\authorization-Authorizatio-b8cbb-o-access-their-own-projects-chromium\error-context.md]]
]]>
</system-out>
<error message="Failed to create project: {&quot;success&quot;:false,&quot;error&quot;:{&quot;code&quot;:&quot;VALIDATION_FAILED&quot;,&quot;message&quot;:&quot;The request contains invalid input parameters.&quot;,&quot;details&quot;:{&quot;&quot;:&quot;Unrecognized key(s) in object: &apos;status&apos;&quot;},&quot;requestId&quot;:&quot;dfc4d13e-c32f-4b07-a01e-5e061f57577c&quot;}}" type="Error">
<![CDATA[  [chromium] › authorization.spec.ts:46:3 › Authorization › should allow users to access their own projects 

    Error: Failed to create project: {"success":false,"error":{"code":"VALIDATION_FAILED","message":"The request contains invalid input parameters.","details":{"":"Unrecognized key(s) in object: 'status'"},"requestId":"dfc4d13e-c32f-4b07-a01e-5e061f57577c"}}

       at ..\fixtures\database.ts:117

      115 |   if (!response.ok) {
      116 |     const error = await response.json();
    > 117 |     throw new Error(`Failed to create project: ${JSON.stringify(error)}`);
          |           ^
      118 |   }
      119 |
      120 |   // Add delay after write to avoid rate limiting
        at createProject (C:\Users\USER\Documents\Codex\2026-07-07\task-management-system-docs-api-design\Task-Management-System\frontend\e2e\fixtures\database.ts:117:11)
        at C:\Users\USER\Documents\Codex\2026-07-07\task-management-system-docs-api-design\Task-Management-System\frontend\e2e\tests\authorization.spec.ts:52:21

    Error Context: ..\..\test-results\authorization-Authorizatio-b8cbb-o-access-their-own-projects-chromium\error-context.md
]]>
</error>
</testcase>
<testcase name="Authorization › should prevent users from deleting other users&apos; projects" classname="authorization.spec.ts" time="3.79">
<system-out>
<![CDATA[
[[ATTACHMENT|..\..\test-results\authorization-Authorizatio-996f5-leting-other-users-projects-chromium\error-context.md]]
]]>
</system-out>
<error message="Failed to create project: {&quot;success&quot;:false,&quot;error&quot;:{&quot;code&quot;:&quot;VALIDATION_FAILED&quot;,&quot;message&quot;:&quot;The request contains invalid input parameters.&quot;,&quot;details&quot;:{&quot;&quot;:&quot;Unrecognized key(s) in object: &apos;status&apos;&quot;},&quot;requestId&quot;:&quot;4e84b7bf-e995-4f28-acc5-380c6bf2eb69&quot;}}" type="Error">
<![CDATA[  [chromium] › authorization.spec.ts:77:3 › Authorization › should prevent users from deleting other users' projects 

    Error: Failed to create project: {"success":false,"error":{"code":"VALIDATION_FAILED","message":"The request contains invalid input parameters.","details":{"":"Unrecognized key(s) in object: 'status'"},"requestId":"4e84b7bf-e995-4f28-acc5-380c6bf2eb69"}}

       at ..\fixtures\database.ts:117

      115 |   if (!response.ok) {
      116 |     const error = await response.json();
    > 117 |     throw new Error(`Failed to create project: ${JSON.stringify(error)}`);
          |           ^
      118 |   }
      119 |
      120 |   // Add delay after write to avoid rate limiting
        at createProject (C:\Users\USER\Documents\Codex\2026-07-07\task-management-system-docs-api-design\Task-Management-System\frontend\e2e\fixtures\database.ts:117:11)
        at C:\Users\USER\Documents\Codex\2026-07-07\task-management-system-docs-api-design\Task-Management-System\frontend\e2e\tests\authorization.spec.ts:86:21

    Error Context: ..\..\test-results\authorization-Authorizatio-996f5-leting-other-users-projects-chromium\error-context.md
]]>
</error>
</testcase>
<testcase name="Authorization › should handle 404 for non-existent resources" classname="authorization.spec.ts" time="2.045">
</testcase>
<testcase name="Authorization › should handle validation errors gracefully" classname="authorization.spec.ts" time="2.04">
</testcase>
</testsuite>
<testsuite name="comments.spec.ts" timestamp="2026-08-16T07:03:18.713Z" hostname="chromium" tests="3" failures="0" skipped="0" time="5.907" errors="3">
<testcase name="Comments › should create and retrieve a comment via API" classname="comments.spec.ts" time="2.027">
<system-out>
<![CDATA[
[[ATTACHMENT|..\..\test-results\comments-Comments-should-c-7ca09--retrieve-a-comment-via-API-chromium\error-context.md]]
]]>
</system-out>
<error message="Failed to create project: {&quot;success&quot;:false,&quot;error&quot;:{&quot;code&quot;:&quot;VALIDATION_FAILED&quot;,&quot;message&quot;:&quot;The request contains invalid input parameters.&quot;,&quot;details&quot;:{&quot;&quot;:&quot;Unrecognized key(s) in object: &apos;status&apos;&quot;},&quot;requestId&quot;:&quot;30262f09-3493-4c8c-b787-66d9be7987d6&quot;}}" type="Error">
<![CDATA[  [chromium] › comments.spec.ts:23:3 › Comments › should create and retrieve a comment via API ─────

    Error: Failed to create project: {"success":false,"error":{"code":"VALIDATION_FAILED","message":"The request contains invalid input parameters.","details":{"":"Unrecognized key(s) in object: 'status'"},"requestId":"30262f09-3493-4c8c-b787-66d9be7987d6"}}

       at ..\fixtures\database.ts:117

      115 |   if (!response.ok) {
      116 |     const error = await response.json();
    > 117 |     throw new Error(`Failed to create project: ${JSON.stringify(error)}`);
          |           ^
      118 |   }
      119 |
      120 |   // Add delay after write to avoid rate limiting
        at createProject (C:\Users\USER\Documents\Codex\2026-07-07\task-management-system-docs-api-design\Task-Management-System\frontend\e2e\fixtures\database.ts:117:11)
        at C:\Users\USER\Documents\Codex\2026-07-07\task-management-system-docs-api-design\Task-Management-System\frontend\e2e\tests\comments.spec.ts:29:21

    Error Context: ..\..\test-results\comments-Comments-should-c-7ca09--retrieve-a-comment-via-API-chromium\error-context.md
]]>
</error>
</testcase>
<testcase name="Comments › should list comments on a task via API" classname="comments.spec.ts" time="1.976">
<system-out>
<![CDATA[
[[ATTACHMENT|..\..\test-results\comments-Comments-should-list-comments-on-a-task-via-API-chromium\error-context.md]]
]]>
</system-out>
<error message="Failed to create project: {&quot;success&quot;:false,&quot;error&quot;:{&quot;code&quot;:&quot;VALIDATION_FAILED&quot;,&quot;message&quot;:&quot;The request contains invalid input parameters.&quot;,&quot;details&quot;:{&quot;&quot;:&quot;Unrecognized key(s) in object: &apos;status&apos;&quot;},&quot;requestId&quot;:&quot;12fddd54-0ae1-4317-9566-43056b1abcae&quot;}}" type="Error">
<![CDATA[  [chromium] › comments.spec.ts:58:3 › Comments › should list comments on a task via API ───────────

    Error: Failed to create project: {"success":false,"error":{"code":"VALIDATION_FAILED","message":"The request contains invalid input parameters.","details":{"":"Unrecognized key(s) in object: 'status'"},"requestId":"12fddd54-0ae1-4317-9566-43056b1abcae"}}

       at ..\fixtures\database.ts:117

      115 |   if (!response.ok) {
      116 |     const error = await response.json();
    > 117 |     throw new Error(`Failed to create project: ${JSON.stringify(error)}`);
          |           ^
      118 |   }
      119 |
      120 |   // Add delay after write to avoid rate limiting
        at createProject (C:\Users\USER\Documents\Codex\2026-07-07\task-management-system-docs-api-design\Task-Management-System\frontend\e2e\fixtures\database.ts:117:11)
        at C:\Users\USER\Documents\Codex\2026-07-07\task-management-system-docs-api-design\Task-Management-System\frontend\e2e\tests\comments.spec.ts:64:21

    Error Context: ..\..\test-results\comments-Comments-should-list-comments-on-a-task-via-API-chromium\error-context.md
]]>
</error>
</testcase>
<testcase name="Comments › should delete a comment via API" classname="comments.spec.ts" time="1.904">
<system-out>
<![CDATA[
[[ATTACHMENT|..\..\test-results\comments-Comments-should-delete-a-comment-via-API-chromium\error-context.md]]
]]>
</system-out>
<error message="Failed to create project: {&quot;success&quot;:false,&quot;error&quot;:{&quot;code&quot;:&quot;VALIDATION_FAILED&quot;,&quot;message&quot;:&quot;The request contains invalid input parameters.&quot;,&quot;details&quot;:{&quot;&quot;:&quot;Unrecognized key(s) in object: &apos;status&apos;&quot;},&quot;requestId&quot;:&quot;032bb24e-0fa0-4a87-94bd-57438905dfb6&quot;}}" type="Error">
<![CDATA[  [chromium] › comments.spec.ts:99:3 › Comments › should delete a comment via API ──────────────────

    Error: Failed to create project: {"success":false,"error":{"code":"VALIDATION_FAILED","message":"The request contains invalid input parameters.","details":{"":"Unrecognized key(s) in object: 'status'"},"requestId":"032bb24e-0fa0-4a87-94bd-57438905dfb6"}}

       at ..\fixtures\database.ts:117

      115 |   if (!response.ok) {
      116 |     const error = await response.json();
    > 117 |     throw new Error(`Failed to create project: ${JSON.stringify(error)}`);
          |           ^
      118 |   }
      119 |
      120 |   // Add delay after write to avoid rate limiting
        at createProject (C:\Users\USER\Documents\Codex\2026-07-07\task-management-system-docs-api-design\Task-Management-System\frontend\e2e\fixtures\database.ts:117:11)
        at C:\Users\USER\Documents\Codex\2026-07-07\task-management-system-docs-api-design\Task-Management-System\frontend\e2e\tests\comments.spec.ts:105:21

    Error Context: ..\..\test-results\comments-Comments-should-delete-a-comment-via-API-chromium\error-context.md
]]>
</error>
</testcase>
</testsuite>
<testsuite name="crud-operations.spec.ts" timestamp="2026-08-16T07:03:18.713Z" hostname="chromium" tests="11" failures="0" skipped="0" time="111.927" errors="1">
<testcase name="CRUD Operations › should update project details" classname="crud-operations.spec.ts" time="1.934">
<system-out>
<![CDATA[
[[ATTACHMENT|..\..\test-results\crud-operations-CRUD-Opera-84863-ould-update-project-details-chromium\error-context.md]]
]]>
</system-out>
<error message="Failed to create project: {&quot;success&quot;:false,&quot;error&quot;:{&quot;code&quot;:&quot;VALIDATION_FAILED&quot;,&quot;message&quot;:&quot;The request contains invalid input parameters.&quot;,&quot;details&quot;:{&quot;&quot;:&quot;Unrecognized key(s) in object: &apos;status&apos;&quot;},&quot;requestId&quot;:&quot;cda109e0-0286-444b-a4e7-1260a3b0fa79&quot;}}" type="Error">
<![CDATA[  [chromium] › crud-operations.spec.ts:26:3 › CRUD Operations › should update project details ──────

    Error: Failed to create project: {"success":false,"error":{"code":"VALIDATION_FAILED","message":"The request contains invalid input parameters.","details":{"":"Unrecognized key(s) in object: 'status'"},"requestId":"cda109e0-0286-444b-a4e7-1260a3b0fa79"}}

       at ..\fixtures\database.ts:117

      115 |   if (!response.ok) {
      116 |     const error = await response.json();
    > 117 |     throw new Error(`Failed to create project: ${JSON.stringify(error)}`);
          |           ^
      118 |   }
      119 |
      120 |   // Add delay after write to avoid rate limiting
        at createProject (C:\Users\USER\Documents\Codex\2026-07-07\task-management-system-docs-api-design\Task-Management-System\frontend\e2e\fixtures\database.ts:117:11)
        at C:\Users\USER\Documents\Codex\2026-07-07\task-management-system-docs-api-design\Task-Management-System\frontend\e2e\tests\crud-operations.spec.ts:32:21

    Error Context: ..\..\test-results\crud-operations-CRUD-Opera-84863-ould-update-project-details-chromium\error-context.md
]]>
</error>
</testcase>
<testcase name="CRUD Operations › should partially update project" classname="crud-operations.spec.ts" time="7.924">
</testcase>
<testcase name="CRUD Operations › should update task details" classname="crud-operations.spec.ts" time="13.707">
</testcase>
<testcase name="CRUD Operations › should update only task status" classname="crud-operations.spec.ts" time="13.691">
</testcase>
<testcase name="CRUD Operations › should update comment body" classname="crud-operations.spec.ts" time="13.619">
</testcase>
<testcase name="CRUD Operations › should prevent updating another user&apos;s project" classname="crud-operations.spec.ts" time="9.184">
</testcase>
<testcase name="CRUD Operations › should prevent updating another user&apos;s task" classname="crud-operations.spec.ts" time="12.247">
</testcase>
<testcase name="CRUD Operations › should prevent updating another user&apos;s comment" classname="crud-operations.spec.ts" time="15.223">
</testcase>
<testcase name="CRUD Operations › should handle delete of non-existent resource" classname="crud-operations.spec.ts" time="1.575">
</testcase>
<testcase name="CRUD Operations › should prevent deleting another user&apos;s resource" classname="crud-operations.spec.ts" time="9.191">
</testcase>
<testcase name="CRUD Operations › should delete task successfully" classname="crud-operations.spec.ts" time="13.632">
</testcase>
</testsuite>
<testsuite name="filtering-pagination.spec.ts" timestamp="2026-08-16T07:03:18.713Z" hostname="chromium" tests="8" failures="0" skipped="0" time="21.182" errors="0">
<testcase name="Filtering &amp; Pagination › should filter tasks by priority" classname="filtering-pagination.spec.ts" time="3.038">
</testcase>
<testcase name="Filtering &amp; Pagination › should filter tasks by status" classname="filtering-pagination.spec.ts" time="3.027">
</testcase>
<testcase name="Filtering &amp; Pagination › should handle empty filter results gracefully" classname="filtering-pagination.spec.ts" time="0.005">
</testcase>
<testcase name="Filtering &amp; Pagination › should list tasks with pagination support" classname="filtering-pagination.spec.ts" time="3.02">
</testcase>
<testcase name="Filtering &amp; Pagination › should list projects with pagination" classname="filtering-pagination.spec.ts" time="3.031">
</testcase>
<testcase name="Filtering &amp; Pagination › should support pagination parameters" classname="filtering-pagination.spec.ts" time="3.02">
</testcase>
<testcase name="Filtering &amp; Pagination › should handle filters with paginated results" classname="filtering-pagination.spec.ts" time="3.022">
</testcase>
<testcase name="Filtering &amp; Pagination › should support page navigation" classname="filtering-pagination.spec.ts" time="3.019">
</testcase>
</testsuite>
<testsuite name="form-validation.spec.ts" timestamp="2026-08-16T07:03:18.713Z" hostname="chromium" tests="11" failures="0" skipped="0" time="0.073" errors="0">
<testcase name="Form Validation › should validate required project name" classname="form-validation.spec.ts" time="0.005">
</testcase>
<testcase name="Form Validation › should validate project name minimum length" classname="form-validation.spec.ts" time="0.006">
</testcase>
<testcase name="Form Validation › should validate required task title" classname="form-validation.spec.ts" time="0.005">
</testcase>
<testcase name="Form Validation › should validate task title minimum length" classname="form-validation.spec.ts" time="0.005">
</testcase>
<testcase name="Form Validation › should validate invalid task status" classname="form-validation.spec.ts" time="0.005">
</testcase>
<testcase name="Form Validation › should validate invalid task priority" classname="form-validation.spec.ts" time="0.004">
</testcase>
<testcase name="Form Validation › should validate invalid task due date format" classname="form-validation.spec.ts" time="0.004">
</testcase>
<testcase name="Form Validation › should validate required comment body" classname="form-validation.spec.ts" time="0.017">
</testcase>
<testcase name="Form Validation › should accept valid project with special characters" classname="form-validation.spec.ts" time="0.009">
</testcase>
<testcase name="Form Validation › should accept valid task with long description" classname="form-validation.spec.ts" time="0.008">
</testcase>
<testcase name="Form Validation › should reject task description exceeding maximum length" classname="form-validation.spec.ts" time="0.005">
</testcase>
</testsuite>
<testsuite name="projects.spec.ts" timestamp="2026-08-16T07:03:18.713Z" hostname="chromium" tests="5" failures="0" skipped="0" time="12.854" errors="4">
<testcase name="Projects › should create and retrieve a project via API" classname="projects.spec.ts" time="1.582">
<system-out>
<![CDATA[
[[ATTACHMENT|..\..\test-results\projects-Projects-should-c-ac97f--retrieve-a-project-via-API-chromium\error-context.md]]
]]>
</system-out>
<error message="Failed to create project: {&quot;success&quot;:false,&quot;error&quot;:{&quot;code&quot;:&quot;VALIDATION_FAILED&quot;,&quot;message&quot;:&quot;The request contains invalid input parameters.&quot;,&quot;details&quot;:{&quot;&quot;:&quot;Unrecognized key(s) in object: &apos;status&apos;&quot;},&quot;requestId&quot;:&quot;251999e8-3ef4-4868-bc38-034529d84779&quot;}}" type="Error">
<![CDATA[  [chromium] › projects.spec.ts:24:3 › Projects › should create and retrieve a project via API ─────

    Error: Failed to create project: {"success":false,"error":{"code":"VALIDATION_FAILED","message":"The request contains invalid input parameters.","details":{"":"Unrecognized key(s) in object: 'status'"},"requestId":"251999e8-3ef4-4868-bc38-034529d84779"}}

       at ..\fixtures\database.ts:117

      115 |   if (!response.ok) {
      116 |     const error = await response.json();
    > 117 |     throw new Error(`Failed to create project: ${JSON.stringify(error)}`);
          |           ^
      118 |   }
      119 |
      120 |   // Add delay after write to avoid rate limiting
        at createProject (C:\Users\USER\Documents\Codex\2026-07-07\task-management-system-docs-api-design\Task-Management-System\frontend\e2e\fixtures\database.ts:117:11)
        at C:\Users\USER\Documents\Codex\2026-07-07\task-management-system-docs-api-design\Task-Management-System\frontend\e2e\tests\projects.spec.ts:30:24

    Error Context: ..\..\test-results\projects-Projects-should-c-ac97f--retrieve-a-project-via-API-chromium\error-context.md
]]>
</error>
</testcase>
<testcase name="Projects › should list projects via API" classname="projects.spec.ts" time="1.94">
<system-out>
<![CDATA[
[[ATTACHMENT|..\..\test-results\projects-Projects-should-list-projects-via-API-chromium\error-context.md]]
]]>
</system-out>
<error message="Failed to create project: {&quot;success&quot;:false,&quot;error&quot;:{&quot;code&quot;:&quot;VALIDATION_FAILED&quot;,&quot;message&quot;:&quot;The request contains invalid input parameters.&quot;,&quot;details&quot;:{&quot;&quot;:&quot;Unrecognized key(s) in object: &apos;status&apos;&quot;},&quot;requestId&quot;:&quot;2d0cb7c8-7746-496a-8e53-059963547a7a&quot;}}" type="Error">
<![CDATA[  [chromium] › projects.spec.ts:48:3 › Projects › should list projects via API ─────────────────────

    Error: Failed to create project: {"success":false,"error":{"code":"VALIDATION_FAILED","message":"The request contains invalid input parameters.","details":{"":"Unrecognized key(s) in object: 'status'"},"requestId":"2d0cb7c8-7746-496a-8e53-059963547a7a"}}

       at ..\fixtures\database.ts:117

      115 |   if (!response.ok) {
      116 |     const error = await response.json();
    > 117 |     throw new Error(`Failed to create project: ${JSON.stringify(error)}`);
          |           ^
      118 |   }
      119 |
      120 |   // Add delay after write to avoid rate limiting
        at createProject (C:\Users\USER\Documents\Codex\2026-07-07\task-management-system-docs-api-design\Task-Management-System\frontend\e2e\fixtures\database.ts:117:11)
        at C:\Users\USER\Documents\Codex\2026-07-07\task-management-system-docs-api-design\Task-Management-System\frontend\e2e\tests\projects.spec.ts:54:22

    Error Context: ..\..\test-results\projects-Projects-should-list-projects-via-API-chromium\error-context.md
]]>
</error>
</testcase>
<testcase name="Projects › should delete a project via API" classname="projects.spec.ts" time="1.867">
<system-out>
<![CDATA[
[[ATTACHMENT|..\..\test-results\projects-Projects-should-delete-a-project-via-API-chromium\error-context.md]]
]]>
</system-out>
<error message="Failed to create project: {&quot;success&quot;:false,&quot;error&quot;:{&quot;code&quot;:&quot;VALIDATION_FAILED&quot;,&quot;message&quot;:&quot;The request contains invalid input parameters.&quot;,&quot;details&quot;:{&quot;&quot;:&quot;Unrecognized key(s) in object: &apos;status&apos;&quot;},&quot;requestId&quot;:&quot;e1f11d5d-4529-420a-8b7e-c87a03710adf&quot;}}" type="Error">
<![CDATA[  [chromium] › projects.spec.ts:76:3 › Projects › should delete a project via API ──────────────────

    Error: Failed to create project: {"success":false,"error":{"code":"VALIDATION_FAILED","message":"The request contains invalid input parameters.","details":{"":"Unrecognized key(s) in object: 'status'"},"requestId":"e1f11d5d-4529-420a-8b7e-c87a03710adf"}}

       at ..\fixtures\database.ts:117

      115 |   if (!response.ok) {
      116 |     const error = await response.json();
    > 117 |     throw new Error(`Failed to create project: ${JSON.stringify(error)}`);
          |           ^
      118 |   }
      119 |
      120 |   // Add delay after write to avoid rate limiting
        at createProject (C:\Users\USER\Documents\Codex\2026-07-07\task-management-system-docs-api-design\Task-Management-System\frontend\e2e\fixtures\database.ts:117:11)
        at C:\Users\USER\Documents\Codex\2026-07-07\task-management-system-docs-api-design\Task-Management-System\frontend\e2e\tests\projects.spec.ts:82:21

    Error Context: ..\..\test-results\projects-Projects-should-delete-a-project-via-API-chromium\error-context.md
]]>
</error>
</testcase>
<testcase name="Projects › should add and remove project members via API" classname="projects.spec.ts" time="3.455">
<system-out>
<![CDATA[
[[ATTACHMENT|..\..\test-results\projects-Projects-should-a-812b6-ove-project-members-via-API-chromium\error-context.md]]
]]>
</system-out>
<error message="Failed to create project: {&quot;success&quot;:false,&quot;error&quot;:{&quot;code&quot;:&quot;VALIDATION_FAILED&quot;,&quot;message&quot;:&quot;The request contains invalid input parameters.&quot;,&quot;details&quot;:{&quot;&quot;:&quot;Unrecognized key(s) in object: &apos;status&apos;&quot;},&quot;requestId&quot;:&quot;ed3a9e34-96d3-4230-a169-5f298778f436&quot;}}" type="Error">
<![CDATA[  [chromium] › projects.spec.ts:101:3 › Projects › should add and remove project members via API ───

    Error: Failed to create project: {"success":false,"error":{"code":"VALIDATION_FAILED","message":"The request contains invalid input parameters.","details":{"":"Unrecognized key(s) in object: 'status'"},"requestId":"ed3a9e34-96d3-4230-a169-5f298778f436"}}

       at ..\fixtures\database.ts:117

      115 |   if (!response.ok) {
      116 |     const error = await response.json();
    > 117 |     throw new Error(`Failed to create project: ${JSON.stringify(error)}`);
          |           ^
      118 |   }
      119 |
      120 |   // Add delay after write to avoid rate limiting
        at createProject (C:\Users\USER\Documents\Codex\2026-07-07\task-management-system-docs-api-design\Task-Management-System\frontend\e2e\fixtures\database.ts:117:11)
        at C:\Users\USER\Documents\Codex\2026-07-07\task-management-system-docs-api-design\Task-Management-System\frontend\e2e\tests\projects.spec.ts:110:21

    Error Context: ..\..\test-results\projects-Projects-should-a-812b6-ove-project-members-via-API-chromium\error-context.md
]]>
</error>
</testcase>
<testcase name="Projects › should navigate to projects page when authenticated" classname="projects.spec.ts" time="4.01">
</testcase>
</testsuite>
<testsuite name="routes.spec.ts" timestamp="2026-08-16T07:03:18.713Z" hostname="chromium" tests="7" failures="0" skipped="0" time="24.678" errors="0">
<testcase name="Route Protection › should redirect unauthenticated users to login page" classname="routes.spec.ts" time="2.569">
</testcase>
<testcase name="Route Protection › should allow access to login page without token" classname="routes.spec.ts" time="1.819">
</testcase>
<testcase name="Route Protection › should allow authenticated users to access protected dashboard" classname="routes.spec.ts" time="3.936">
</testcase>
<testcase name="Route Protection › should redirect to login when accessing protected route without token" classname="routes.spec.ts" time="2.424">
</testcase>
<testcase name="Route Protection › should maintain auth state during navigation" classname="routes.spec.ts" time="5.662">
</testcase>
<testcase name="Route Protection › should allow navigation to tasks page when authenticated" classname="routes.spec.ts" time="4.408">
</testcase>
<testcase name="Route Protection › should allow navigation to settings page when authenticated" classname="routes.spec.ts" time="3.86">
</testcase>
</testsuite>
<testsuite name="tasks.spec.ts" timestamp="2026-08-16T07:03:18.713Z" hostname="chromium" tests="5" failures="0" skipped="0" time="12.31" errors="4">
<testcase name="Tasks › should create and retrieve a task via API" classname="tasks.spec.ts" time="2.02">
<system-out>
<![CDATA[
[[ATTACHMENT|..\..\test-results\tasks-Tasks-should-create-and-retrieve-a-task-via-API-chromium\error-context.md]]
]]>
</system-out>
<error message="Failed to create project: {&quot;success&quot;:false,&quot;error&quot;:{&quot;code&quot;:&quot;VALIDATION_FAILED&quot;,&quot;message&quot;:&quot;The request contains invalid input parameters.&quot;,&quot;details&quot;:{&quot;&quot;:&quot;Unrecognized key(s) in object: &apos;status&apos;&quot;},&quot;requestId&quot;:&quot;dafb3b33-8362-4d95-8132-38593c4f87d8&quot;}}" type="Error">
<![CDATA[  [chromium] › tasks.spec.ts:24:3 › Tasks › should create and retrieve a task via API ──────────────

    Error: Failed to create project: {"success":false,"error":{"code":"VALIDATION_FAILED","message":"The request contains invalid input parameters.","details":{"":"Unrecognized key(s) in object: 'status'"},"requestId":"dafb3b33-8362-4d95-8132-38593c4f87d8"}}

       at ..\fixtures\database.ts:117

      115 |   if (!response.ok) {
      116 |     const error = await response.json();
    > 117 |     throw new Error(`Failed to create project: ${JSON.stringify(error)}`);
          |           ^
      118 |   }
      119 |
      120 |   // Add delay after write to avoid rate limiting
        at createProject (C:\Users\USER\Documents\Codex\2026-07-07\task-management-system-docs-api-design\Task-Management-System\frontend\e2e\fixtures\database.ts:117:11)
        at C:\Users\USER\Documents\Codex\2026-07-07\task-management-system-docs-api-design\Task-Management-System\frontend\e2e\tests\tasks.spec.ts:30:21

    Error Context: ..\..\test-results\tasks-Tasks-should-create-and-retrieve-a-task-via-API-chromium\error-context.md
]]>
</error>
</testcase>
<testcase name="Tasks › should list tasks via API" classname="tasks.spec.ts" time="1.872">
<system-out>
<![CDATA[
[[ATTACHMENT|..\..\test-results\tasks-Tasks-should-list-tasks-via-API-chromium\error-context.md]]
]]>
</system-out>
<error message="Failed to create project: {&quot;success&quot;:false,&quot;error&quot;:{&quot;code&quot;:&quot;VALIDATION_FAILED&quot;,&quot;message&quot;:&quot;The request contains invalid input parameters.&quot;,&quot;details&quot;:{&quot;&quot;:&quot;Unrecognized key(s) in object: &apos;status&apos;&quot;},&quot;requestId&quot;:&quot;275a2f7e-2f87-4bf9-9c6d-caec3b7ba57e&quot;}}" type="Error">
<![CDATA[  [chromium] › tasks.spec.ts:55:3 › Tasks › should list tasks via API ──────────────────────────────

    Error: Failed to create project: {"success":false,"error":{"code":"VALIDATION_FAILED","message":"The request contains invalid input parameters.","details":{"":"Unrecognized key(s) in object: 'status'"},"requestId":"275a2f7e-2f87-4bf9-9c6d-caec3b7ba57e"}}

       at ..\fixtures\database.ts:117

      115 |   if (!response.ok) {
      116 |     const error = await response.json();
    > 117 |     throw new Error(`Failed to create project: ${JSON.stringify(error)}`);
          |           ^
      118 |   }
      119 |
      120 |   // Add delay after write to avoid rate limiting
        at createProject (C:\Users\USER\Documents\Codex\2026-07-07\task-management-system-docs-api-design\Task-Management-System\frontend\e2e\fixtures\database.ts:117:11)
        at C:\Users\USER\Documents\Codex\2026-07-07\task-management-system-docs-api-design\Task-Management-System\frontend\e2e\tests\tasks.spec.ts:61:21

    Error Context: ..\..\test-results\tasks-Tasks-should-list-tasks-via-API-chromium\error-context.md
]]>
</error>
</testcase>
<testcase name="Tasks › should filter tasks by status via API" classname="tasks.spec.ts" time="1.967">
<system-out>
<![CDATA[
[[ATTACHMENT|..\..\test-results\tasks-Tasks-should-filter-tasks-by-status-via-API-chromium\error-context.md]]
]]>
</system-out>
<error message="Failed to create project: {&quot;success&quot;:false,&quot;error&quot;:{&quot;code&quot;:&quot;VALIDATION_FAILED&quot;,&quot;message&quot;:&quot;The request contains invalid input parameters.&quot;,&quot;details&quot;:{&quot;&quot;:&quot;Unrecognized key(s) in object: &apos;status&apos;&quot;},&quot;requestId&quot;:&quot;3a37008e-84f0-4b6b-8351-7a9bb0bd330a&quot;}}" type="Error">
<![CDATA[  [chromium] › tasks.spec.ts:94:3 › Tasks › should filter tasks by status via API ──────────────────

    Error: Failed to create project: {"success":false,"error":{"code":"VALIDATION_FAILED","message":"The request contains invalid input parameters.","details":{"":"Unrecognized key(s) in object: 'status'"},"requestId":"3a37008e-84f0-4b6b-8351-7a9bb0bd330a"}}

       at ..\fixtures\database.ts:117

      115 |   if (!response.ok) {
      116 |     const error = await response.json();
    > 117 |     throw new Error(`Failed to create project: ${JSON.stringify(error)}`);
          |           ^
      118 |   }
      119 |
      120 |   // Add delay after write to avoid rate limiting
        at createProject (C:\Users\USER\Documents\Codex\2026-07-07\task-management-system-docs-api-design\Task-Management-System\frontend\e2e\fixtures\database.ts:117:11)
        at C:\Users\USER\Documents\Codex\2026-07-07\task-management-system-docs-api-design\Task-Management-System\frontend\e2e\tests\tasks.spec.ts:100:21

    Error Context: ..\..\test-results\tasks-Tasks-should-filter-tasks-by-status-via-API-chromium\error-context.md
]]>
</error>
</testcase>
<testcase name="Tasks › should delete a task via API" classname="tasks.spec.ts" time="1.853">
<system-out>
<![CDATA[
[[ATTACHMENT|..\..\test-results\tasks-Tasks-should-delete-a-task-via-API-chromium\error-context.md]]
]]>
</system-out>
<error message="Failed to create project: {&quot;success&quot;:false,&quot;error&quot;:{&quot;code&quot;:&quot;VALIDATION_FAILED&quot;,&quot;message&quot;:&quot;The request contains invalid input parameters.&quot;,&quot;details&quot;:{&quot;&quot;:&quot;Unrecognized key(s) in object: &apos;status&apos;&quot;},&quot;requestId&quot;:&quot;6921de5d-943e-4566-bda3-0d47ed1851eb&quot;}}" type="Error">
<![CDATA[  [chromium] › tasks.spec.ts:132:3 › Tasks › should delete a task via API ──────────────────────────

    Error: Failed to create project: {"success":false,"error":{"code":"VALIDATION_FAILED","message":"The request contains invalid input parameters.","details":{"":"Unrecognized key(s) in object: 'status'"},"requestId":"6921de5d-943e-4566-bda3-0d47ed1851eb"}}

       at ..\fixtures\database.ts:117

      115 |   if (!response.ok) {
      116 |     const error = await response.json();
    > 117 |     throw new Error(`Failed to create project: ${JSON.stringify(error)}`);
          |           ^
      118 |   }
      119 |
      120 |   // Add delay after write to avoid rate limiting
        at createProject (C:\Users\USER\Documents\Codex\2026-07-07\task-management-system-docs-api-design\Task-Management-System\frontend\e2e\fixtures\database.ts:117:11)
        at C:\Users\USER\Documents\Codex\2026-07-07\task-management-system-docs-api-design\Task-Management-System\frontend\e2e\tests\tasks.spec.ts:138:21

    Error Context: ..\..\test-results\tasks-Tasks-should-delete-a-task-via-API-chromium\error-context.md
]]>
</error>
</testcase>
<testcase name="Tasks › should navigate to tasks page when authenticated" classname="tasks.spec.ts" time="4.598">
</testcase>
</testsuite>
<testsuite name="api-resilience.spec.ts" timestamp="2026-08-16T07:03:18.713Z" hostname="firefox" tests="9" failures="4" skipped="0" time="31.702" errors="2">
<testcase name="API Resilience › should handle 422 validation errors from API" classname="api-resilience.spec.ts" time="1.956">
</testcase>
<testcase name="API Resilience › should handle 401 authentication errors" classname="api-resilience.spec.ts" time="0.007">
</testcase>
<testcase name="API Resilience › should handle 403 forbidden errors" classname="api-resilience.spec.ts" time="3.215">
<system-out>
<![CDATA[
[[ATTACHMENT|..\..\test-results\api-resilience-API-Resilie-2de24-handle-403-forbidden-errors-firefox\error-context.md]]
]]>
</system-out>
<error message="Failed to create project: {&quot;success&quot;:false,&quot;error&quot;:{&quot;code&quot;:&quot;VALIDATION_FAILED&quot;,&quot;message&quot;:&quot;The request contains invalid input parameters.&quot;,&quot;details&quot;:{&quot;&quot;:&quot;Unrecognized key(s) in object: &apos;status&apos;&quot;},&quot;requestId&quot;:&quot;238744f4-d0d3-43ca-9621-cc901b0bda90&quot;}}" type="Error">
<![CDATA[  [firefox] › api-resilience.spec.ts:53:3 › API Resilience › should handle 403 forbidden errors ────

    Error: Failed to create project: {"success":false,"error":{"code":"VALIDATION_FAILED","message":"The request contains invalid input parameters.","details":{"":"Unrecognized key(s) in object: 'status'"},"requestId":"238744f4-d0d3-43ca-9621-cc901b0bda90"}}

       at ..\fixtures\database.ts:117

      115 |   if (!response.ok) {
      116 |     const error = await response.json();
    > 117 |     throw new Error(`Failed to create project: ${JSON.stringify(error)}`);
          |           ^
      118 |   }
      119 |
      120 |   // Add delay after write to avoid rate limiting
        at createProject (C:\Users\USER\Documents\Codex\2026-07-07\task-management-system-docs-api-design\Task-Management-System\frontend\e2e\fixtures\database.ts:117:11)
        at C:\Users\USER\Documents\Codex\2026-07-07\task-management-system-docs-api-design\Task-Management-System\frontend\e2e\tests\api-resilience.spec.ts:62:21

    Error Context: ..\..\test-results\api-resilience-API-Resilie-2de24-handle-403-forbidden-errors-firefox\error-context.md
]]>
</error>
</testcase>
<testcase name="API Resilience › should handle 404 not found errors" classname="api-resilience.spec.ts" time="2.091">
<system-out>
<![CDATA[
[[ATTACHMENT|..\..\test-results\api-resilience-API-Resilie-bb5e4-handle-404-not-found-errors-firefox\error-context.md]]
]]>
</system-out>
<failure message="expect(received).toBe(expected) // Object.is equality" type="expect.toBe">
<![CDATA[  [firefox] › api-resilience.spec.ts:88:3 › API Resilience › should handle 404 not found errors ────

    Error: expect(received).toBe(expected) // Object.is equality

    Expected: 404
    Received: 429

      104 |
      105 |     // Should return 404
    > 106 |     expect(response.status).toBe(404);
          |                             ^
      107 |
      108 |     // Cleanup
      109 |     await cleanupUserData(registered.token);
        at C:\Users\USER\Documents\Codex\2026-07-07\task-management-system-docs-api-design\Task-Management-System\frontend\e2e\tests\api-resilience.spec.ts:106:29

    Error Context: ..\..\test-results\api-resilience-API-Resilie-bb5e4-handle-404-not-found-errors-firefox\error-context.md
]]>
</failure>
</testcase>
<testcase name="API Resilience › should handle successful responses correctly" classname="api-resilience.spec.ts" time="2.213">
<system-out>
<![CDATA[
[[ATTACHMENT|..\..\test-results\api-resilience-API-Resilie-d4a93-cessful-responses-correctly-firefox\error-context.md]]
]]>
</system-out>
<error message="Failed to create project: {&quot;success&quot;:false,&quot;error&quot;:{&quot;code&quot;:&quot;RATE_LIMIT_EXCEEDED&quot;,&quot;message&quot;:&quot;Too many requests. Please try again later.&quot;}}" type="Error">
<![CDATA[  [firefox] › api-resilience.spec.ts:112:3 › API Resilience › should handle successful responses correctly 

    Error: Failed to create project: {"success":false,"error":{"code":"RATE_LIMIT_EXCEEDED","message":"Too many requests. Please try again later."}}

       at ..\fixtures\database.ts:117

      115 |   if (!response.ok) {
      116 |     const error = await response.json();
    > 117 |     throw new Error(`Failed to create project: ${JSON.stringify(error)}`);
          |           ^
      118 |   }
      119 |
      120 |   // Add delay after write to avoid rate limiting
        at createProject (C:\Users\USER\Documents\Codex\2026-07-07\task-management-system-docs-api-design\Task-Management-System\frontend\e2e\fixtures\database.ts:117:11)
        at C:\Users\USER\Documents\Codex\2026-07-07\task-management-system-docs-api-design\Task-Management-System\frontend\e2e\tests\api-resilience.spec.ts:118:21

    Error Context: ..\..\test-results\api-resilience-API-Resilie-d4a93-cessful-responses-correctly-firefox\error-context.md
]]>
</error>
</testcase>
<testcase name="API Resilience › should show dashboard when authenticated" classname="api-resilience.spec.ts" time="15.967">
<system-err>
<![CDATA[Could not list projects for cleanup (likely rate limited), skipping cleanup
]]>
</system-err>
</testcase>
<testcase name="API Resilience › should handle repeated API calls" classname="api-resilience.spec.ts" time="1.874">
<system-out>
<![CDATA[
[[ATTACHMENT|..\..\test-results\api-resilience-API-Resilie-7aa2d-d-handle-repeated-API-calls-firefox\error-context.md]]
]]>
</system-out>
<failure message="expect(received).toBe(expected) // Object.is equality" type="expect.toBe">
<![CDATA[  [firefox] › api-resilience.spec.ts:151:3 › API Resilience › should handle repeated API calls ─────

    Error: expect(received).toBe(expected) // Object.is equality

    Expected: 200
    Received: 429

      164 |       });
      165 |
    > 166 |       expect(response.status).toBe(200);
          |                               ^
      167 |     }
      168 |
      169 |     // Cleanup
        at C:\Users\USER\Documents\Codex\2026-07-07\task-management-system-docs-api-design\Task-Management-System\frontend\e2e\tests\api-resilience.spec.ts:166:31

    Error Context: ..\..\test-results\api-resilience-API-Resilie-7aa2d-d-handle-repeated-API-calls-firefox\error-context.md
]]>
</failure>
</testcase>
<testcase name="API Resilience › should handle concurrent requests" classname="api-resilience.spec.ts" time="2.191">
<system-out>
<![CDATA[
[[ATTACHMENT|..\..\test-results\api-resilience-API-Resilie-6cccd--handle-concurrent-requests-firefox\error-context.md]]
]]>
</system-out>
<failure message="expect(received).toBe(expected) // Object.is equality" type="expect.toBe">
<![CDATA[  [firefox] › api-resilience.spec.ts:173:3 › API Resilience › should handle concurrent requests ────

    Error: expect(received).toBe(expected) // Object.is equality

    Expected: 200
    Received: 429

      194 |     // All should succeed
      195 |     responses.forEach((response) => {
    > 196 |       expect(response.status).toBe(200);
          |                               ^
      197 |     });
      198 |
      199 |     // Cleanup
        at forEach (C:\Users\USER\Documents\Codex\2026-07-07\task-management-system-docs-api-design\Task-Management-System\frontend\e2e\tests\api-resilience.spec.ts:196:31)
        at C:\Users\USER\Documents\Codex\2026-07-07\task-management-system-docs-api-design\Task-Management-System\frontend\e2e\tests\api-resilience.spec.ts:195:15

    Error Context: ..\..\test-results\api-resilience-API-Resilie-6cccd--handle-concurrent-requests-firefox\error-context.md
]]>
</failure>
</testcase>
<testcase name="API Resilience › should handle rate limiting gracefully" classname="api-resilience.spec.ts" time="2.188">
<system-out>
<![CDATA[
[[ATTACHMENT|..\..\test-results\api-resilience-API-Resilie-91d34-le-rate-limiting-gracefully-firefox\error-context.md]]
]]>
</system-out>
<failure message="expect(received).toBeGreaterThan(expected)" type="expect.toBeGreaterThan">
<![CDATA[  [firefox] › api-resilience.spec.ts:203:3 › API Resilience › should handle rate limiting gracefully 

    Error: expect(received).toBeGreaterThan(expected)

    Expected: > 0
    Received:   0

      235 |
      236 |     // Most should succeed
    > 237 |     expect(successCount).toBeGreaterThan(0);
          |                          ^
      238 |
      239 |     // Cleanup
      240 |     await cleanupUserData(registered.token);
        at C:\Users\USER\Documents\Codex\2026-07-07\task-management-system-docs-api-design\Task-Management-System\frontend\e2e\tests\api-resilience.spec.ts:237:26

    Error Context: ..\..\test-results\api-resilience-API-Resilie-91d34-le-rate-limiting-gracefully-firefox\error-context.md
]]>
</failure>
</testcase>
</testsuite>
<testsuite name="auth-edge-cases.spec.ts" timestamp="2026-08-16T07:03:18.713Z" hostname="firefox" tests="8" failures="1" skipped="0" time="87.8" errors="3">
<testcase name="Authentication Edge Cases › should reject login with empty email field" classname="auth-edge-cases.spec.ts" time="12.941">
</testcase>
<testcase name="Authentication Edge Cases › should reject login with empty password field" classname="auth-edge-cases.spec.ts" time="6.403">
<system-out>
<![CDATA[
[[ATTACHMENT|..\..\test-results\auth-edge-cases-Authentica-4c7a1-n-with-empty-password-field-firefox\test-failed-1.png]]

[[ATTACHMENT|..\..\test-results\auth-edge-cases-Authentica-4c7a1-n-with-empty-password-field-firefox\video.webm]]

[[ATTACHMENT|..\..\test-results\auth-edge-cases-Authentica-4c7a1-n-with-empty-password-field-firefox\error-context.md]]

[[ATTACHMENT|..\..\test-results\auth-edge-cases-Authentica-4c7a1-n-with-empty-password-field-firefox\error-context.md]]
]]>
</system-out>
<system-err>
<![CDATA[Could not list projects for cleanup (likely rate limited), skipping cleanup
]]>
</system-err>
<error message="page.fill: value: expected string, got undefined" type="Error">
<![CDATA[  [firefox] › auth-edge-cases.spec.ts:56:3 › Authentication Edge Cases › should reject login with empty password field 

    Error: page.fill: value: expected string, got undefined

      60 |
      61 |     // Fill email but leave password empty
    > 62 |     await page.fill("#email", registered.email);
         |                ^
      63 |
      64 |     // Try to submit
      65 |     await page.click('button[type="submit"]');
        at C:\Users\USER\Documents\Codex\2026-07-07\task-management-system-docs-api-design\Task-Management-System\frontend\e2e\tests\auth-edge-cases.spec.ts:62:16

    attachment #1: screenshot (image/png) ──────────────────────────────────────────────────────────
    ..\..\test-results\auth-edge-cases-Authentica-4c7a1-n-with-empty-password-field-firefox\test-failed-1.png
    ────────────────────────────────────────────────────────────────────────────────────────────────

    attachment #2: video (video/webm) ──────────────────────────────────────────────────────────────
    ..\..\test-results\auth-edge-cases-Authentica-4c7a1-n-with-empty-password-field-firefox\video.webm
    ────────────────────────────────────────────────────────────────────────────────────────────────

    Error Context: ..\..\test-results\auth-edge-cases-Authentica-4c7a1-n-with-empty-password-field-firefox\error-context.md

    Error Context: ..\..\test-results\auth-edge-cases-Authentica-4c7a1-n-with-empty-password-field-firefox\error-context.md
]]>
</error>
</testcase>
<testcase name="Authentication Edge Cases › should reject login with both fields empty" classname="auth-edge-cases.spec.ts" time="31.449">
<system-out>
<![CDATA[
[[ATTACHMENT|..\..\test-results\auth-edge-cases-Authentica-6ef53-ogin-with-both-fields-empty-firefox\test-failed-1.png]]

[[ATTACHMENT|..\..\test-results\auth-edge-cases-Authentica-6ef53-ogin-with-both-fields-empty-firefox\video.webm]]

[[ATTACHMENT|..\..\test-results\auth-edge-cases-Authentica-6ef53-ogin-with-both-fields-empty-firefox\error-context.md]]

[[ATTACHMENT|..\..\test-results\auth-edge-cases-Authentica-6ef53-ogin-with-both-fields-empty-firefox\error-context.md]]
]]>
</system-out>
<system-err>
<![CDATA[Could not list projects for cleanup (likely rate limited), skipping cleanup
]]>
</system-err>
<error message="Test timeout of 30000ms exceeded." type="Error">
<![CDATA[  [firefox] › auth-edge-cases.spec.ts:76:3 › Authentication Edge Cases › should reject login with both fields empty 

    Test timeout of 30000ms exceeded.

    Error: page.waitForLoadState: Test timeout of 30000ms exceeded.

      77 |     // Navigate to login page
      78 |     await page.goto("/auth/login");
    > 79 |     await page.waitForLoadState("networkidle");
         |                ^
      80 |
      81 |     // Don't fill any fields, just try to submit
      82 |     await page.click('button[type="submit"]');
        at C:\Users\USER\Documents\Codex\2026-07-07\task-management-system-docs-api-design\Task-Management-System\frontend\e2e\tests\auth-edge-cases.spec.ts:79:16

    attachment #1: screenshot (image/png) ──────────────────────────────────────────────────────────
    ..\..\test-results\auth-edge-cases-Authentica-6ef53-ogin-with-both-fields-empty-firefox\test-failed-1.png
    ────────────────────────────────────────────────────────────────────────────────────────────────

    attachment #2: video (video/webm) ──────────────────────────────────────────────────────────────
    ..\..\test-results\auth-edge-cases-Authentica-6ef53-ogin-with-both-fields-empty-firefox\video.webm
    ────────────────────────────────────────────────────────────────────────────────────────────────

    Error Context: ..\..\test-results\auth-edge-cases-Authentica-6ef53-ogin-with-both-fields-empty-firefox\error-context.md

    Error Context: ..\..\test-results\auth-edge-cases-Authentica-6ef53-ogin-with-both-fields-empty-firefox\error-context.md
]]>
</error>
</testcase>
<testcase name="Authentication Edge Cases › should handle rapid consecutive login attempts gracefully" classname="auth-edge-cases.spec.ts" time="3.732">
<system-out>
<![CDATA[
[[ATTACHMENT|..\..\test-results\auth-edge-cases-Authentica-9dd1b-e-login-attempts-gracefully-firefox\test-failed-1.png]]

[[ATTACHMENT|..\..\test-results\auth-edge-cases-Authentica-9dd1b-e-login-attempts-gracefully-firefox\video.webm]]

[[ATTACHMENT|..\..\test-results\auth-edge-cases-Authentica-9dd1b-e-login-attempts-gracefully-firefox\error-context.md]]

[[ATTACHMENT|..\..\test-results\auth-edge-cases-Authentica-9dd1b-e-login-attempts-gracefully-firefox\error-context.md]]
]]>
</system-out>
<system-err>
<![CDATA[Could not list projects for cleanup (likely rate limited), skipping cleanup
]]>
</system-err>
<error message="page.evaluate: The operation is insecure." type="Error">
<![CDATA[  [firefox] › auth-edge-cases.spec.ts:93:3 › Authentication Edge Cases › should handle rapid consecutive login attempts gracefully 

    Error: page.evaluate: The operation is insecure.
    @debugger eval code line 311 > eval:1:7
    evaluate@debugger eval code:313:16
    @debugger eval code:1:44
    @debugger eval code:1:62

        at @debugger eval code line 311 > eval:1:7
        at evaluate@debugger eval code:313:16
        at @debugger eval code:1:44
        at @debugger eval code:1:62
        at C:\Users\USER\Documents\Codex\2026-07-07\task-management-system-docs-api-design\Task-Management-System\frontend\e2e\tests\auth-edge-cases.spec.ts:99:16

    attachment #1: screenshot (image/png) ──────────────────────────────────────────────────────────
    ..\..\test-results\auth-edge-cases-Authentica-9dd1b-e-login-attempts-gracefully-firefox\test-failed-1.png
    ────────────────────────────────────────────────────────────────────────────────────────────────

    attachment #2: video (video/webm) ──────────────────────────────────────────────────────────────
    ..\..\test-results\auth-edge-cases-Authentica-9dd1b-e-login-attempts-gracefully-firefox\video.webm
    ────────────────────────────────────────────────────────────────────────────────────────────────

    Error Context: ..\..\test-results\auth-edge-cases-Authentica-9dd1b-e-login-attempts-gracefully-firefox\error-context.md

    Error Context: ..\..\test-results\auth-edge-cases-Authentica-9dd1b-e-login-attempts-gracefully-firefox\error-context.md
]]>
</error>
</testcase>
<testcase name="Authentication Edge Cases › should clear auth token on explicit logout" classname="auth-edge-cases.spec.ts" time="11.982">
</testcase>
<testcase name="Authentication Edge Cases › should preserve auth state through navigation" classname="auth-edge-cases.spec.ts" time="11.491">
</testcase>
<testcase name="Authentication Edge Cases › should handle protected route access without token" classname="auth-edge-cases.spec.ts" time="9.371">
</testcase>
<testcase name="Authentication Edge Cases › should prevent re-registration with same email" classname="auth-edge-cases.spec.ts" time="0.431">
<system-out>
<![CDATA[
[[ATTACHMENT|..\..\test-results\auth-edge-cases-Authentica-3b054-egistration-with-same-email-firefox\error-context.md]]

[[ATTACHMENT|..\..\test-results\auth-edge-cases-Authentica-3b054-egistration-with-same-email-firefox\error-context.md]]
]]>
</system-out>
<system-err>
<![CDATA[Could not list projects for cleanup (likely rate limited), skipping cleanup
]]>
</system-err>
<failure message="expect(received).toContain(expected) // indexOf" type="expect.toContain">
<![CDATA[  [firefox] › auth-edge-cases.spec.ts:204:3 › Authentication Edge Cases › should prevent re-registration with same email 

    Error: expect(received).toContain(expected) // indexOf

    Expected value: 429
    Received array: [409, 422]

      219 |
      220 |     // Should get a conflict error (409 or 422)
    > 221 |     expect([409, 422]).toContain(response.status);
          |                        ^
      222 |   });
      223 | });
      224 |
        at C:\Users\USER\Documents\Codex\2026-07-07\task-management-system-docs-api-design\Task-Management-System\frontend\e2e\tests\auth-edge-cases.spec.ts:221:24

    Error Context: ..\..\test-results\auth-edge-cases-Authentica-3b054-egistration-with-same-email-firefox\error-context.md

    Error Context: ..\..\test-results\auth-edge-cases-Authentica-3b054-egistration-with-same-email-firefox\error-context.md
]]>
</failure>
</testcase>
</testsuite>
<testsuite name="auth.spec.ts" timestamp="2026-08-16T07:03:18.713Z" hostname="firefox" tests="6" failures="0" skipped="0" time="77.819" errors="0">
<testcase name="Authentication › should allow user login via UI" classname="auth.spec.ts" time="25.379">
<system-err>
<![CDATA[Could not list projects for cleanup (likely rate limited), skipping cleanup
]]>
</system-err>
</testcase>
<testcase name="Authentication › should reject login with invalid credentials" classname="auth.spec.ts" time="9.827">
</testcase>
<testcase name="Authentication › should allow user logout" classname="auth.spec.ts" time="13.724">
<system-err>
<![CDATA[Could not list projects for cleanup (likely rate limited), skipping cleanup
]]>
</system-err>
</testcase>
<testcase name="Authentication › should persist auth token across page reloads" classname="auth.spec.ts" time="14.996">
<system-err>
<![CDATA[Could not list projects for cleanup (likely rate limited), skipping cleanup
]]>
</system-err>
</testcase>
<testcase name="Authentication › should register new user via API" classname="auth.spec.ts" time="7.17">
<system-err>
<![CDATA[Could not list projects for cleanup (likely rate limited), skipping cleanup
]]>
</system-err>
</testcase>
<testcase name="Authentication › should handle login page redirect when not authenticated" classname="auth.spec.ts" time="6.723">
</testcase>
</testsuite>
<testsuite name="authorization.spec.ts" timestamp="2026-08-16T07:03:18.713Z" hostname="firefox" tests="6" failures="4" skipped="0" time="10.694" errors="2">
<testcase name="Authorization › should require authentication for protected endpoints" classname="authorization.spec.ts" time="0.018">
<system-out>
<![CDATA[
[[ATTACHMENT|..\..\test-results\authorization-Authorizatio-ee2e2-ion-for-protected-endpoints-firefox\error-context.md]]
]]>
</system-out>
<failure message="expect(received).toBe(expected) // Object.is equality" type="expect.toBe">
<![CDATA[  [firefox] › authorization.spec.ts:20:3 › Authorization › should require authentication for protected endpoints 

    Error: expect(received).toBe(expected) // Object.is equality

    Expected: 401
    Received: 429

      27 |
      28 |     // Should return 401 (Unauthorized)
    > 29 |     expect(response.status).toBe(401);
         |                             ^
      30 |   });
      31 |
      32 |   test("should reject requests with invalid token", async () => {
        at C:\Users\USER\Documents\Codex\2026-07-07\task-management-system-docs-api-design\Task-Management-System\frontend\e2e\tests\authorization.spec.ts:29:29

    Error Context: ..\..\test-results\authorization-Authorizatio-ee2e2-ion-for-protected-endpoints-firefox\error-context.md
]]>
</failure>
</testcase>
<testcase name="Authorization › should reject requests with invalid token" classname="authorization.spec.ts" time="0.08">
<system-out>
<![CDATA[
[[ATTACHMENT|..\..\test-results\authorization-Authorizatio-02723-requests-with-invalid-token-firefox\error-context.md]]
]]>
</system-out>
<failure message="expect(received).toBe(expected) // Object.is equality" type="expect.toBe">
<![CDATA[  [firefox] › authorization.spec.ts:32:3 › Authorization › should reject requests with invalid token 

    Error: expect(received).toBe(expected) // Object.is equality

    Expected: 401
    Received: 429

      41 |
      42 |     // Should return 401 (Unauthorized)
    > 43 |     expect(response.status).toBe(401);
         |                             ^
      44 |   });
      45 |
      46 |   test("should allow users to access their own projects", async () => {
        at C:\Users\USER\Documents\Codex\2026-07-07\task-management-system-docs-api-design\Task-Management-System\frontend\e2e\tests\authorization.spec.ts:43:29

    Error Context: ..\..\test-results\authorization-Authorizatio-02723-requests-with-invalid-token-firefox\error-context.md
]]>
</failure>
</testcase>
<testcase name="Authorization › should allow users to access their own projects" classname="authorization.spec.ts" time="2.212">
<system-out>
<![CDATA[
[[ATTACHMENT|..\..\test-results\authorization-Authorizatio-b8cbb-o-access-their-own-projects-firefox\error-context.md]]
]]>
</system-out>
<error message="Failed to create project: {&quot;success&quot;:false,&quot;error&quot;:{&quot;code&quot;:&quot;RATE_LIMIT_EXCEEDED&quot;,&quot;message&quot;:&quot;Too many requests. Please try again later.&quot;}}" type="Error">
<![CDATA[  [firefox] › authorization.spec.ts:46:3 › Authorization › should allow users to access their own projects 

    Error: Failed to create project: {"success":false,"error":{"code":"RATE_LIMIT_EXCEEDED","message":"Too many requests. Please try again later."}}

       at ..\fixtures\database.ts:117

      115 |   if (!response.ok) {
      116 |     const error = await response.json();
    > 117 |     throw new Error(`Failed to create project: ${JSON.stringify(error)}`);
          |           ^
      118 |   }
      119 |
      120 |   // Add delay after write to avoid rate limiting
        at createProject (C:\Users\USER\Documents\Codex\2026-07-07\task-management-system-docs-api-design\Task-Management-System\frontend\e2e\fixtures\database.ts:117:11)
        at C:\Users\USER\Documents\Codex\2026-07-07\task-management-system-docs-api-design\Task-Management-System\frontend\e2e\tests\authorization.spec.ts:52:21

    Error Context: ..\..\test-results\authorization-Authorizatio-b8cbb-o-access-their-own-projects-firefox\error-context.md
]]>
</error>
</testcase>
<testcase name="Authorization › should prevent users from deleting other users&apos; projects" classname="authorization.spec.ts" time="4.308">
<system-out>
<![CDATA[
[[ATTACHMENT|..\..\test-results\authorization-Authorizatio-996f5-leting-other-users-projects-firefox\error-context.md]]
]]>
</system-out>
<error message="Failed to create project: {&quot;success&quot;:false,&quot;error&quot;:{&quot;code&quot;:&quot;RATE_LIMIT_EXCEEDED&quot;,&quot;message&quot;:&quot;Too many requests. Please try again later.&quot;}}" type="Error">
<![CDATA[  [firefox] › authorization.spec.ts:77:3 › Authorization › should prevent users from deleting other users' projects 

    Error: Failed to create project: {"success":false,"error":{"code":"RATE_LIMIT_EXCEEDED","message":"Too many requests. Please try again later."}}

       at ..\fixtures\database.ts:117

      115 |   if (!response.ok) {
      116 |     const error = await response.json();
    > 117 |     throw new Error(`Failed to create project: ${JSON.stringify(error)}`);
          |           ^
      118 |   }
      119 |
      120 |   // Add delay after write to avoid rate limiting
        at createProject (C:\Users\USER\Documents\Codex\2026-07-07\task-management-system-docs-api-design\Task-Management-System\frontend\e2e\fixtures\database.ts:117:11)
        at C:\Users\USER\Documents\Codex\2026-07-07\task-management-system-docs-api-design\Task-Management-System\frontend\e2e\tests\authorization.spec.ts:86:21

    Error Context: ..\..\test-results\authorization-Authorizatio-996f5-leting-other-users-projects-firefox\error-context.md
]]>
</error>
</testcase>
<testcase name="Authorization › should handle 404 for non-existent resources" classname="authorization.spec.ts" time="2.012">
<system-out>
<![CDATA[
[[ATTACHMENT|..\..\test-results\authorization-Authorizatio-8860b--for-non-existent-resources-firefox\error-context.md]]
]]>
</system-out>
<failure message="expect(received).toBe(expected) // Object.is equality" type="expect.toBe">
<![CDATA[  [firefox] › authorization.spec.ts:112:3 › Authorization › should handle 404 for non-existent resources 

    Error: expect(received).toBe(expected) // Object.is equality

    Expected: 404
    Received: 429

      128 |
      129 |     // Should return 404
    > 130 |     expect(response.status).toBe(404);
          |                             ^
      131 |
      132 |     // Cleanup
      133 |     await cleanupUserData(registered.token);
        at C:\Users\USER\Documents\Codex\2026-07-07\task-management-system-docs-api-design\Task-Management-System\frontend\e2e\tests\authorization.spec.ts:130:29

    Error Context: ..\..\test-results\authorization-Authorizatio-8860b--for-non-existent-resources-firefox\error-context.md
]]>
</failure>
</testcase>
<testcase name="Authorization › should handle validation errors gracefully" classname="authorization.spec.ts" time="2.064">
<system-out>
<![CDATA[
[[ATTACHMENT|..\..\test-results\authorization-Authorizatio-7a21c-alidation-errors-gracefully-firefox\error-context.md]]
]]>
</system-out>
<failure message="expect(received).toBe(expected) // Object.is equality" type="expect.toBe">
<![CDATA[  [firefox] › authorization.spec.ts:136:3 › Authorization › should handle validation errors gracefully 

    Error: expect(received).toBe(expected) // Object.is equality

    Expected: 422
    Received: 429

      153 |
      154 |     // Should return 422 (Unprocessable Entity)
    > 155 |     expect(response.status).toBe(422);
          |                             ^
      156 |
      157 |     // Cleanup
      158 |     await cleanupUserData(registered.token);
        at C:\Users\USER\Documents\Codex\2026-07-07\task-management-system-docs-api-design\Task-Management-System\frontend\e2e\tests\authorization.spec.ts:155:29

    Error Context: ..\..\test-results\authorization-Authorizatio-7a21c-alidation-errors-gracefully-firefox\error-context.md
]]>
</failure>
</testcase>
</testsuite>
<testsuite name="comments.spec.ts" timestamp="2026-08-16T07:03:18.713Z" hostname="firefox" tests="3" failures="0" skipped="0" time="6.496" errors="3">
<testcase name="Comments › should create and retrieve a comment via API" classname="comments.spec.ts" time="2.046">
<system-out>
<![CDATA[
[[ATTACHMENT|..\..\test-results\comments-Comments-should-c-7ca09--retrieve-a-comment-via-API-firefox\error-context.md]]
]]>
</system-out>
<error message="Failed to create project: {&quot;success&quot;:false,&quot;error&quot;:{&quot;code&quot;:&quot;RATE_LIMIT_EXCEEDED&quot;,&quot;message&quot;:&quot;Too many requests. Please try again later.&quot;}}" type="Error">
<![CDATA[  [firefox] › comments.spec.ts:23:3 › Comments › should create and retrieve a comment via API ──────

    Error: Failed to create project: {"success":false,"error":{"code":"RATE_LIMIT_EXCEEDED","message":"Too many requests. Please try again later."}}

       at ..\fixtures\database.ts:117

      115 |   if (!response.ok) {
      116 |     const error = await response.json();
    > 117 |     throw new Error(`Failed to create project: ${JSON.stringify(error)}`);
          |           ^
      118 |   }
      119 |
      120 |   // Add delay after write to avoid rate limiting
        at createProject (C:\Users\USER\Documents\Codex\2026-07-07\task-management-system-docs-api-design\Task-Management-System\frontend\e2e\fixtures\database.ts:117:11)
        at C:\Users\USER\Documents\Codex\2026-07-07\task-management-system-docs-api-design\Task-Management-System\frontend\e2e\tests\comments.spec.ts:29:21

    Error Context: ..\..\test-results\comments-Comments-should-c-7ca09--retrieve-a-comment-via-API-firefox\error-context.md
]]>
</error>
</testcase>
<testcase name="Comments › should list comments on a task via API" classname="comments.spec.ts" time="2.139">
<system-out>
<![CDATA[
[[ATTACHMENT|..\..\test-results\comments-Comments-should-list-comments-on-a-task-via-API-firefox\error-context.md]]
]]>
</system-out>
<error message="Failed to create project: {&quot;success&quot;:false,&quot;error&quot;:{&quot;code&quot;:&quot;RATE_LIMIT_EXCEEDED&quot;,&quot;message&quot;:&quot;Too many requests. Please try again later.&quot;}}" type="Error">
<![CDATA[  [firefox] › comments.spec.ts:58:3 › Comments › should list comments on a task via API ────────────

    Error: Failed to create project: {"success":false,"error":{"code":"RATE_LIMIT_EXCEEDED","message":"Too many requests. Please try again later."}}

       at ..\fixtures\database.ts:117

      115 |   if (!response.ok) {
      116 |     const error = await response.json();
    > 117 |     throw new Error(`Failed to create project: ${JSON.stringify(error)}`);
          |           ^
      118 |   }
      119 |
      120 |   // Add delay after write to avoid rate limiting
        at createProject (C:\Users\USER\Documents\Codex\2026-07-07\task-management-system-docs-api-design\Task-Management-System\frontend\e2e\fixtures\database.ts:117:11)
        at C:\Users\USER\Documents\Codex\2026-07-07\task-management-system-docs-api-design\Task-Management-System\frontend\e2e\tests\comments.spec.ts:64:21

    Error Context: ..\..\test-results\comments-Comments-should-list-comments-on-a-task-via-API-firefox\error-context.md
]]>
</error>
</testcase>
<testcase name="Comments › should delete a comment via API" classname="comments.spec.ts" time="2.311">
<system-out>
<![CDATA[
[[ATTACHMENT|..\..\test-results\comments-Comments-should-delete-a-comment-via-API-firefox\error-context.md]]
]]>
</system-out>
<error message="Failed to create project: {&quot;success&quot;:false,&quot;error&quot;:{&quot;code&quot;:&quot;RATE_LIMIT_EXCEEDED&quot;,&quot;message&quot;:&quot;Too many requests. Please try again later.&quot;}}" type="Error">
<![CDATA[  [firefox] › comments.spec.ts:99:3 › Comments › should delete a comment via API ───────────────────

    Error: Failed to create project: {"success":false,"error":{"code":"RATE_LIMIT_EXCEEDED","message":"Too many requests. Please try again later."}}

       at ..\fixtures\database.ts:117

      115 |   if (!response.ok) {
      116 |     const error = await response.json();
    > 117 |     throw new Error(`Failed to create project: ${JSON.stringify(error)}`);
          |           ^
      118 |   }
      119 |
      120 |   // Add delay after write to avoid rate limiting
        at createProject (C:\Users\USER\Documents\Codex\2026-07-07\task-management-system-docs-api-design\Task-Management-System\frontend\e2e\fixtures\database.ts:117:11)
        at C:\Users\USER\Documents\Codex\2026-07-07\task-management-system-docs-api-design\Task-Management-System\frontend\e2e\tests\comments.spec.ts:105:21

    Error Context: ..\..\test-results\comments-Comments-should-delete-a-comment-via-API-firefox\error-context.md
]]>
</error>
</testcase>
</testsuite>
<testsuite name="crud-operations.spec.ts" timestamp="2026-08-16T07:03:18.713Z" hostname="firefox" tests="11" failures="1" skipped="0" time="32.105" errors="10">
<testcase name="CRUD Operations › should update project details" classname="crud-operations.spec.ts" time="2.351">
<system-out>
<![CDATA[
[[ATTACHMENT|..\..\test-results\crud-operations-CRUD-Opera-84863-ould-update-project-details-firefox\error-context.md]]
]]>
</system-out>
<error message="Failed to create project: {&quot;success&quot;:false,&quot;error&quot;:{&quot;code&quot;:&quot;RATE_LIMIT_EXCEEDED&quot;,&quot;message&quot;:&quot;Too many requests. Please try again later.&quot;}}" type="Error">
<![CDATA[  [firefox] › crud-operations.spec.ts:26:3 › CRUD Operations › should update project details ───────

    Error: Failed to create project: {"success":false,"error":{"code":"RATE_LIMIT_EXCEEDED","message":"Too many requests. Please try again later."}}

       at ..\fixtures\database.ts:117

      115 |   if (!response.ok) {
      116 |     const error = await response.json();
    > 117 |     throw new Error(`Failed to create project: ${JSON.stringify(error)}`);
          |           ^
      118 |   }
      119 |
      120 |   // Add delay after write to avoid rate limiting
        at createProject (C:\Users\USER\Documents\Codex\2026-07-07\task-management-system-docs-api-design\Task-Management-System\frontend\e2e\fixtures\database.ts:117:11)
        at C:\Users\USER\Documents\Codex\2026-07-07\task-management-system-docs-api-design\Task-Management-System\frontend\e2e\tests\crud-operations.spec.ts:32:21

    Error Context: ..\..\test-results\crud-operations-CRUD-Opera-84863-ould-update-project-details-firefox\error-context.md
]]>
</error>
</testcase>
<testcase name="CRUD Operations › should partially update project" classname="crud-operations.spec.ts" time="2.223">
<system-out>
<![CDATA[
[[ATTACHMENT|..\..\test-results\crud-operations-CRUD-Opera-068fb-ld-partially-update-project-firefox\error-context.md]]
]]>
</system-out>
<error message="Failed to create project: {&quot;success&quot;:false,&quot;error&quot;:{&quot;code&quot;:&quot;RATE_LIMIT_EXCEEDED&quot;,&quot;message&quot;:&quot;Too many requests. Please try again later.&quot;}}" type="Error">
<![CDATA[  [firefox] › crud-operations.spec.ts:66:3 › CRUD Operations › should partially update project ─────

    Error: Failed to create project: {"success":false,"error":{"code":"RATE_LIMIT_EXCEEDED","message":"Too many requests. Please try again later."}}

       at ..\fixtures\database.ts:117

      115 |   if (!response.ok) {
      116 |     const error = await response.json();
    > 117 |     throw new Error(`Failed to create project: ${JSON.stringify(error)}`);
          |           ^
      118 |   }
[...]
]]>
</system-out>
<system-err>
<![CDATA[Could not list projects for cleanup (likely rate limited), skipping cleanup
]]>
</system-err>
<error message="Failed to create project: {&quot;success&quot;:false,&quot;error&quot;:{&quot;code&quot;:&quot;RATE_LIMIT_EXCEEDED&quot;,&quot;message&quot;:&quot;Too many requests. Please try again later.&quot;}}" type="Error">
<![CDATA[  [firefox] › form-validation.spec.ts:36:3 › Form Validation › should validate required project name 

    Error: Failed to create project: {"success":false,"error":{"code":"RATE_LIMIT_EXCEEDED","message":"Too many requests. Please try again later."}}

       at ..\fixtures\database.ts:117

      115 |   if (!response.ok) {
      116 |     const error = await response.json();
    > 117 |     throw new Error(`Failed to create project: ${JSON.stringify(error)}`);
          |           ^
      118 |   }
      119 |
      120 |   // Add delay after write to avoid rate limiting
        at createProject (C:\Users\USER\Documents\Codex\2026-07-07\task-management-system-docs-api-design\Task-Management-System\frontend\e2e\fixtures\database.ts:117:11)
        at C:\Users\USER\Documents\Codex\2026-07-07\task-management-system-docs-api-design\Task-Management-System\frontend\e2e\tests\form-validation.spec.ts:23:13

    Error Context: ..\..\test-results\form-validation-Form-Valid-d12bc-idate-required-project-name-firefox\error-context.md

    Error Context: ..\..\test-results\form-validation-Form-Valid-d12bc-idate-required-project-name-firefox\error-context.md
]]>
</error>
</testcase>
<testcase name="Form Validation › should validate project name minimum length" classname="form-validation.spec.ts">
<skipped>
</skipped>
</testcase>
<testcase name="Form Validation › should validate required task title" classname="form-validation.spec.ts">
<skipped>
</skipped>
</testcase>
<testcase name="Form Validation › should validate task title minimum length" classname="form-validation.spec.ts">
<skipped>
</skipped>
</testcase>
<testcase name="Form Validation › should validate invalid task status" classname="form-validation.spec.ts">
<skipped>
</skipped>
</testcase>
<testcase name="Form Validation › should validate invalid task priority" classname="form-validation.spec.ts">
<skipped>
</skipped>
</testcase>
<testcase name="Form Validation › should validate invalid task due date format" classname="form-validation.spec.ts">
<skipped>
</skipped>
</testcase>
<testcase name="Form Validation › should validate required comment body" classname="form-validation.spec.ts">
<skipped>
</skipped>
</testcase>
<testcase name="Form Validation › should accept valid project with special characters" classname="form-validation.spec.ts">
<skipped>
</skipped>
</testcase>
<testcase name="Form Validation › should accept valid task with long description" classname="form-validation.spec.ts">
<skipped>
</skipped>
</testcase>
<testcase name="Form Validation › should reject task description exceeding maximum length" classname="form-validation.spec.ts">
<skipped>
</skipped>
</testcase>
</testsuite>
<testsuite name="projects.spec.ts" timestamp="2026-08-16T07:03:18.713Z" hostname="firefox" tests="5" failures="0" skipped="0" time="27.309" errors="4">
<testcase name="Projects › should create and retrieve a project via API" classname="projects.spec.ts" time="2.202">
<system-out>
<![CDATA[
[[ATTACHMENT|..\..\test-results\projects-Projects-should-c-ac97f--retrieve-a-project-via-API-firefox\error-context.md]]
]]>
</system-out>
<error message="Failed to create project: {&quot;success&quot;:false,&quot;error&quot;:{&quot;code&quot;:&quot;RATE_LIMIT_EXCEEDED&quot;,&quot;message&quot;:&quot;Too many requests. Please try again later.&quot;}}" type="Error">
<![CDATA[  [firefox] › projects.spec.ts:24:3 › Projects › should create and retrieve a project via API ──────

    Error: Failed to create project: {"success":false,"error":{"code":"RATE_LIMIT_EXCEEDED","message":"Too many requests. Please try again later."}}

       at ..\fixtures\database.ts:117

      115 |   if (!response.ok) {
      116 |     const error = await response.json();
    > 117 |     throw new Error(`Failed to create project: ${JSON.stringify(error)}`);
          |           ^
      118 |   }
      119 |
      120 |   // Add delay after write to avoid rate limiting
        at createProject (C:\Users\USER\Documents\Codex\2026-07-07\task-management-system-docs-api-design\Task-Management-System\frontend\e2e\fixtures\database.ts:117:11)
        at C:\Users\USER\Documents\Codex\2026-07-07\task-management-system-docs-api-design\Task-Management-System\frontend\e2e\tests\projects.spec.ts:30:24

    Error Context: ..\..\test-results\projects-Projects-should-c-ac97f--retrieve-a-project-via-API-firefox\error-context.md
]]>
</error>
</testcase>
<testcase name="Projects › should list projects via API" classname="projects.spec.ts" time="1.847">
<system-out>
<![CDATA[
[[ATTACHMENT|..\..\test-results\projects-Projects-should-list-projects-via-API-firefox\error-context.md]]
]]>
</system-out>
<error message="Failed to create project: {&quot;success&quot;:false,&quot;error&quot;:{&quot;code&quot;:&quot;RATE_LIMIT_EXCEEDED&quot;,&quot;message&quot;:&quot;Too many requests. Please try again later.&quot;}}" type="Error">
<![CDATA[  [firefox] › projects.spec.ts:48:3 › Projects › should list projects via API ──────────────────────

    Error: Failed to create project: {"success":false,"error":{"code":"RATE_LIMIT_EXCEEDED","message":"Too many requests. Please try again later."}}

       at ..\fixtures\database.ts:117

      115 |   if (!response.ok) {
      116 |     const error = await response.json();
    > 117 |     throw new Error(`Failed to create project: ${JSON.stringify(error)}`);
          |           ^
      118 |   }
      119 |
      120 |   // Add delay after write to avoid rate limiting
        at createProject (C:\Users\USER\Documents\Codex\2026-07-07\task-management-system-docs-api-design\Task-Management-System\frontend\e2e\fixtures\database.ts:117:11)
        at C:\Users\USER\Documents\Codex\2026-07-07\task-management-system-docs-api-design\Task-Management-System\frontend\e2e\tests\projects.spec.ts:54:22

    Error Context: ..\..\test-results\projects-Projects-should-list-projects-via-API-firefox\error-context.md
]]>
</error>
</testcase>
<testcase name="Projects › should delete a project via API" classname="projects.spec.ts" time="2.003">
<system-out>
<![CDATA[
[[ATTACHMENT|..\..\test-results\projects-Projects-should-delete-a-project-via-API-firefox\error-context.md]]
]]>
</system-out>
<error message="Failed to create project: {&quot;success&quot;:false,&quot;error&quot;:{&quot;code&quot;:&quot;RATE_LIMIT_EXCEEDED&quot;,&quot;message&quot;:&quot;Too many requests. Please try again later.&quot;}}" type="Error">
<![CDATA[  [firefox] › projects.spec.ts:76:3 › Projects › should delete a project via API ───────────────────

    Error: Failed to create project: {"success":false,"error":{"code":"RATE_LIMIT_EXCEEDED","message":"Too many requests. Please try again later."}}

       at ..\fixtures\database.ts:117

      115 |   if (!response.ok) {
      116 |     const error = await response.json();
    > 117 |     throw new Error(`Failed to create project: ${JSON.stringify(error)}`);
          |           ^
      118 |   }
      119 |
      120 |   // Add delay after write to avoid rate limiting
        at createProject (C:\Users\USER\Documents\Codex\2026-07-07\task-management-system-docs-api-design\Task-Management-System\frontend\e2e\fixtures\database.ts:117:11)
        at C:\Users\USER\Documents\Codex\2026-07-07\task-management-system-docs-api-design\Task-Management-System\frontend\e2e\tests\projects.spec.ts:82:21

    Error Context: ..\..\test-results\projects-Projects-should-delete-a-project-via-API-firefox\error-context.md
]]>
</error>
</testcase>
<testcase name="Projects › should add and remove project members via API" classname="projects.spec.ts" time="4.118">
<system-out>
<![CDATA[
[[ATTACHMENT|..\..\test-results\projects-Projects-should-a-812b6-ove-project-members-via-API-firefox\error-context.md]]
]]>
</system-out>
<error message="Failed to create project: {&quot;success&quot;:false,&quot;error&quot;:{&quot;code&quot;:&quot;RATE_LIMIT_EXCEEDED&quot;,&quot;message&quot;:&quot;Too many requests. Please try again later.&quot;}}" type="Error">
<![CDATA[  [firefox] › projects.spec.ts:101:3 › Projects › should add and remove project members via API ────

    Error: Failed to create project: {"success":false,"error":{"code":"RATE_LIMIT_EXCEEDED","message":"Too many requests. Please try again later."}}

       at ..\fixtures\database.ts:117

      115 |   if (!response.ok) {
      116 |     const error = await response.json();
    > 117 |     throw new Error(`Failed to create project: ${JSON.stringify(error)}`);
          |           ^
      118 |   }
      119 |
      120 |   // Add delay after write to avoid rate limiting
        at createProject (C:\Users\USER\Documents\Codex\2026-07-07\task-management-system-docs-api-design\Task-Management-System\frontend\e2e\fixtures\database.ts:117:11)
        at C:\Users\USER\Documents\Codex\2026-07-07\task-management-system-docs-api-design\Task-Management-System\frontend\e2e\tests\projects.spec.ts:110:21

    Error Context: ..\..\test-results\projects-Projects-should-a-812b6-ove-project-members-via-API-firefox\error-context.md
]]>
</error>
</testcase>
<testcase name="Projects › should navigate to projects page when authenticated" classname="projects.spec.ts" time="17.139">
<system-err>
<![CDATA[Could not list projects for cleanup (likely rate limited), skipping cleanup
]]>
</system-err>
</testcase>
</testsuite>
<testsuite name="routes.spec.ts" timestamp="2026-08-16T07:03:18.713Z" hostname="firefox" tests="7" failures="0" skipped="0" time="102.09" errors="1">
<testcase name="Route Protection › should redirect unauthenticated users to login page" classname="routes.spec.ts" time="6.088">
</testcase>
<testcase name="Route Protection › should allow access to login page without token" classname="routes.spec.ts" time="30.23">
<system-out>
<![CDATA[
[[ATTACHMENT|..\..\test-results\routes-Route-Protection-sh-4e7d1-to-login-page-without-token-firefox\test-failed-1.png]]

[[ATTACHMENT|..\..\test-results\routes-Route-Protection-sh-4e7d1-to-login-page-without-token-firefox\video.webm]]

[[ATTACHMENT|..\..\test-results\routes-Route-Protection-sh-4e7d1-to-login-page-without-token-firefox\error-context.md]]
]]>
</system-out>
<error message="Test timeout of 30000ms exceeded." type="Error">
<![CDATA[  [firefox] › routes.spec.ts:31:3 › Route Protection › should allow access to login page without token 

    Test timeout of 30000ms exceeded.

    Error: page.waitForLoadState: Test timeout of 30000ms exceeded.

      32 |     // Navigate to login page
      33 |     await page.goto("/auth/login");
    > 34 |     await page.waitForLoadState("networkidle");
         |                ^
      35 |
      36 |     // Should be able to access without redirecting
      37 |     expect(page.url()).toContain("/auth/login");
        at C:\Users\USER\Documents\Codex\2026-07-07\task-management-system-docs-api-design\Task-Management-System\frontend\e2e\tests\routes.spec.ts:34:16

    attachment #1: screenshot (image/png) ──────────────────────────────────────────────────────────
    ..\..\test-results\routes-Route-Protection-sh-4e7d1-to-login-page-without-token-firefox\test-failed-1.png
    ────────────────────────────────────────────────────────────────────────────────────────────────

    attachment #2: video (video/webm) ──────────────────────────────────────────────────────────────
    ..\..\test-results\routes-Route-Protection-sh-4e7d1-to-login-page-without-token-firefox\video.webm
    ────────────────────────────────────────────────────────────────────────────────────────────────

    Error Context: ..\..\test-results\routes-Route-Protection-sh-4e7d1-to-login-page-without-token-firefox\error-context.md
]]>
</error>
</testcase>
<testcase name="Route Protection › should allow authenticated users to access protected dashboard" classname="routes.spec.ts" time="16.456">
<system-err>
<![CDATA[Could not list projects for cleanup (likely rate limited), skipping cleanup
]]>
</system-err>
</testcase>
<testcase name="Route Protection › should redirect to login when accessing protected route without token" classname="routes.spec.ts" time="7.564">
</testcase>
<testcase name="Route Protection › should maintain auth state during navigation" classname="routes.spec.ts" time="15.201">
<system-err>
<![CDATA[Could not list projects for cleanup (likely rate limited), skipping cleanup
]]>
</system-err>
</testcase>
<testcase name="Route Protection › should allow navigation to tasks page when authenticated" classname="routes.spec.ts" time="13.136">
<system-err>
<![CDATA[Could not list projects for cleanup (likely rate limited), skipping cleanup
]]>
</system-err>
</testcase>
<testcase name="Route Protection › should allow navigation to settings page when authenticated" classname="routes.spec.ts" time="13.415">
<system-err>
<![CDATA[Could not list projects for cleanup (likely rate limited), skipping cleanup
]]>
</system-err>
</testcase>
</testsuite>
<testsuite name="tasks.spec.ts" timestamp="2026-08-16T07:03:18.713Z" hostname="firefox" tests="5" failures="0" skipped="0" time="32.189" errors="4">
<testcase name="Tasks › should create and retrieve a task via API" classname="tasks.spec.ts" time="2.201">
<system-out>
<![CDATA[
[[ATTACHMENT|..\..\test-results\tasks-Tasks-should-create-and-retrieve-a-task-via-API-firefox\error-context.md]]
]]>
</system-out>
<error message="Failed to create project: {&quot;success&quot;:false,&quot;error&quot;:{&quot;code&quot;:&quot;RATE_LIMIT_EXCEEDED&quot;,&quot;message&quot;:&quot;Too many requests. Please try again later.&quot;}}" type="Error">
<![CDATA[  [firefox] › tasks.spec.ts:24:3 › Tasks › should create and retrieve a task via API ───────────────

    Error: Failed to create project: {"success":false,"error":{"code":"RATE_LIMIT_EXCEEDED","message":"Too many requests. Please try again later."}}

       at ..\fixtures\database.ts:117

      115 |   if (!response.ok) {
      116 |     const error = await response.json();
    > 117 |     throw new Error(`Failed to create project: ${JSON.stringify(error)}`);
          |           ^
      118 |   }
      119 |
      120 |   // Add delay after write to avoid rate limiting
        at createProject (C:\Users\USER\Documents\Codex\2026-07-07\task-management-system-docs-api-design\Task-Management-System\frontend\e2e\fixtures\database.ts:117:11)
        at C:\Users\USER\Documents\Codex\2026-07-07\task-management-system-docs-api-design\Task-Management-System\frontend\e2e\tests\tasks.spec.ts:30:21

    Error Context: ..\..\test-results\tasks-Tasks-should-create-and-retrieve-a-task-via-API-firefox\error-context.md
]]>
</error>
</testcase>
<testcase name="Tasks › should list tasks via API" classname="tasks.spec.ts" time="2.135">
<system-out>
<![CDATA[
[[ATTACHMENT|..\..\test-results\tasks-Tasks-should-list-tasks-via-API-firefox\error-context.md]]
]]>
</system-out>
<error message="Failed to create project: {&quot;success&quot;:false,&quot;error&quot;:{&quot;code&quot;:&quot;RATE_LIMIT_EXCEEDED&quot;,&quot;message&quot;:&quot;Too many requests. Please try again later.&quot;}}" type="Error">
<![CDATA[  [firefox] › tasks.spec.ts:55:3 › Tasks › should list tasks via API ───────────────────────────────

    Error: Failed to create project: {"success":false,"error":{"code":"RATE_LIMIT_EXCEEDED","message":"Too many requests. Please try again later."}}

       at ..\fixtures\database.ts:117

      115 |   if (!response.ok) {
      116 |     const error = await response.json();
    > 117 |     throw new Error(`Failed to create project: ${JSON.stringify(error)}`);
          |           ^
      118 |   }
      119 |
      120 |   // Add delay after write to avoid rate limiting
        at createProject (C:\Users\USER\Documents\Codex\2026-07-07\task-management-system-docs-api-design\Task-Management-System\frontend\e2e\fixtures\database.ts:117:11)
        at C:\Users\USER\Documents\Codex\2026-07-07\task-management-system-docs-api-design\Task-Management-System\frontend\e2e\tests\tasks.spec.ts:61:21

    Error Context: ..\..\test-results\tasks-Tasks-should-list-tasks-via-API-firefox\error-context.md
]]>
</error>
</testcase>
<testcase name="Tasks › should filter tasks by status via API" classname="tasks.spec.ts" time="2.128">
<system-out>
<![CDATA[
[[ATTACHMENT|..\..\test-results\tasks-Tasks-should-filter-tasks-by-status-via-API-firefox\error-context.md]]
]]>
</system-out>
<error message="Failed to create project: {&quot;success&quot;:false,&quot;error&quot;:{&quot;code&quot;:&quot;RATE_LIMIT_EXCEEDED&quot;,&quot;message&quot;:&quot;Too many requests. Please try again later.&quot;}}" type="Error">
<![CDATA[  [firefox] › tasks.spec.ts:94:3 › Tasks › should filter tasks by status via API ───────────────────

    Error: Failed to create project: {"success":false,"error":{"code":"RATE_LIMIT_EXCEEDED","message":"Too many requests. Please try again later."}}

       at ..\fixtures\database.ts:117

      115 |   if (!response.ok) {
      116 |     const error = await response.json();
    > 117 |     throw new Error(`Failed to create project: ${JSON.stringify(error)}`);
          |           ^
      118 |   }
      119 |
      120 |   // Add delay after write to avoid rate limiting
        at createProject (C:\Users\USER\Documents\Codex\2026-07-07\task-management-system-docs-api-design\Task-Management-System\frontend\e2e\fixtures\database.ts:117:11)
        at C:\Users\USER\Documents\Codex\2026-07-07\task-management-system-docs-api-design\Task-Management-System\frontend\e2e\tests\tasks.spec.ts:100:21

    Error Context: ..\..\test-results\tasks-Tasks-should-filter-tasks-by-status-via-API-firefox\error-context.md
]]>
</error>
</testcase>
<testcase name="Tasks › should delete a task via API" classname="tasks.spec.ts" time="2.134">
<system-out>
<![CDATA[
[[ATTACHMENT|..\..\test-results\tasks-Tasks-should-delete-a-task-via-API-firefox\error-context.md]]
]]>
</system-out>
<error message="Failed to create project: {&quot;success&quot;:false,&quot;error&quot;:{&quot;code&quot;:&quot;VALIDATION_FAILED&quot;,&quot;message&quot;:&quot;The request contains invalid input parameters.&quot;,&quot;details&quot;:{&quot;&quot;:&quot;Unrecognized key(s) in object: &apos;status&apos;&quot;},&quot;requestId&quot;:&quot;de5bf8fd-2ca4-4d28-8c49-c537d664dbd9&quot;}}" type="Error">
<![CDATA[  [firefox] › tasks.spec.ts:132:3 › Tasks › should delete a task via API ───────────────────────────

    Error: Failed to create project: {"success":false,"error":{"code":"VALIDATION_FAILED","message":"The request contains invalid input parameters.","details":{"":"Unrecognized key(s) in object: 'status'"},"requestId":"de5bf8fd-2ca4-4d28-8c49-c537d664dbd9"}}

       at ..\fixtures\database.ts:117

      115 |   if (!response.ok) {
      116 |     const error = await response.json();
    > 117 |     throw new Error(`Failed to create project: ${JSON.stringify(error)}`);
          |           ^
      118 |   }
      119 |
      120 |   // Add delay after write to avoid rate limiting
        at createProject (C:\Users\USER\Documents\Codex\2026-07-07\task-management-system-docs-api-design\Task-Management-System\frontend\e2e\fixtures\database.ts:117:11)
        at C:\Users\USER\Documents\Codex\2026-07-07\task-management-system-docs-api-design\Task-Management-System\frontend\e2e\tests\tasks.spec.ts:138:21

    Error Context: ..\..\test-results\tasks-Tasks-should-delete-a-task-via-API-firefox\error-context.md
]]>
</error>
</testcase>
<testcase name="Tasks › should navigate to tasks page when authenticated" classname="tasks.spec.ts" time="23.591">
</testcase>
</testsuite>
</testsuites>